Determining if the include file malloc/malloc.h exists failed with the following output:
Change Dir: /home/user/Desktop/llvm-project/build/CMakeFiles/CMakeTmp

Run Build Command(s):/usr/bin/make cmTC_b4737/fast && /usr/bin/make -f CMakeFiles/cmTC_b4737.dir/build.make CMakeFiles/cmTC_b4737.dir/build
make[1]: Entering directory '/home/user/Desktop/llvm-project/build/CMakeFiles/CMakeTmp'
Building C object CMakeFiles/cmTC_b4737.dir/CheckIncludeFile.c.o
/usr/bin/cc   -O3 -DNDEBUG   -o CMakeFiles/cmTC_b4737.dir/CheckIncludeFile.c.o   -c /home/user/Desktop/llvm-project/build/CMakeFiles/CMakeTmp/CheckIncludeFile.c
/home/user/Desktop/llvm-project/build/CMakeFiles/CMakeTmp/CheckIncludeFile.c:1:10: fatal error: malloc/malloc.h: No such file or directory
    1 | #include <malloc/malloc.h>
      |          ^~~~~~~~~~~~~~~~~
compilation terminated.
make[1]: *** [CMakeFiles/cmTC_b4737.dir/build.make:66: CMakeFiles/cmTC_b4737.dir/CheckIncludeFile.c.o] Error 1
make[1]: Leaving directory '/home/user/Desktop/llvm-project/build/CMakeFiles/CMakeTmp'
make: *** [Makefile:121: cmTC_b4737/fast] Error 2



Determining if the include file mach/mach.h exists failed with the following output:
Change Dir: /home/user/Desktop/llvm-project/build/CMakeFiles/CMakeTmp

Run Build Command(s):/usr/bin/make cmTC_5e1b5/fast && /usr/bin/make -f CMakeFiles/cmTC_5e1b5.dir/build.make CMakeFiles/cmTC_5e1b5.dir/build
make[1]: Entering directory '/home/user/Desktop/llvm-project/build/CMakeFiles/CMakeTmp'
Building C object CMakeFiles/cmTC_5e1b5.dir/CheckIncludeFile.c.o
/usr/bin/cc   -O3 -DNDEBUG   -o CMakeFiles/cmTC_5e1b5.dir/CheckIncludeFile.c.o   -c /home/user/Desktop/llvm-project/build/CMakeFiles/CMakeTmp/CheckIncludeFile.c
/home/user/Desktop/llvm-project/build/CMakeFiles/CMakeTmp/CheckIncludeFile.c:1:10: fatal error: mach/mach.h: No such file or directory
    1 | #include <mach/mach.h>
      |          ^~~~~~~~~~~~~
compilation terminated.
make[1]: *** [CMakeFiles/cmTC_5e1b5.dir/build.make:66: CMakeFiles/cmTC_5e1b5.dir/CheckIncludeFile.c.o] Error 1
make[1]: Leaving directory '/home/user/Desktop/llvm-project/build/CMakeFiles/CMakeTmp'
make: *** [Makefile:121: cmTC_5e1b5/fast] Error 2



Determining if the include file CrashReporterClient.h exists failed with the following output:
Change Dir: /home/user/Desktop/llvm-project/build/CMakeFiles/CMakeTmp

Run Build Command(s):/usr/bin/make cmTC_bda7e/fast && /usr/bin/make -f CMakeFiles/cmTC_bda7e.dir/build.make CMakeFiles/cmTC_bda7e.dir/build
make[1]: Entering directory '/home/user/Desktop/llvm-project/build/CMakeFiles/CMakeTmp'
Building C object CMakeFiles/cmTC_bda7e.dir/CheckIncludeFile.c.o
/usr/bin/cc   -O3 -DNDEBUG   -o CMakeFiles/cmTC_bda7e.dir/CheckIncludeFile.c.o   -c /home/user/Desktop/llvm-project/build/CMakeFiles/CMakeTmp/CheckIncludeFile.c
/home/user/Desktop/llvm-project/build/CMakeFiles/CMakeTmp/CheckIncludeFile.c:1:10: fatal error: CrashReporterClient.h: No such file or directory
    1 | #include <CrashReporterClient.h>
      |          ^~~~~~~~~~~~~~~~~~~~~~~
compilation terminated.
make[1]: *** [CMakeFiles/cmTC_bda7e.dir/build.make:66: CMakeFiles/cmTC_bda7e.dir/CheckIncludeFile.c.o] Error 1
make[1]: Leaving directory '/home/user/Desktop/llvm-project/build/CMakeFiles/CMakeTmp'
make: *** [Makefile:121: cmTC_bda7e/fast] Error 2



Determining if the function pfm_initialize exists in the pfm failed with the following output:
Change Dir: /home/user/Desktop/llvm-project/build/CMakeFiles/CMakeTmp

Run Build Command(s):/usr/bin/make cmTC_d0d14/fast && /usr/bin/make -f CMakeFiles/cmTC_d0d14.dir/build.make CMakeFiles/cmTC_d0d14.dir/build
make[1]: Entering directory '/home/user/Desktop/llvm-project/build/CMakeFiles/CMakeTmp'
Building C object CMakeFiles/cmTC_d0d14.dir/CheckFunctionExists.c.o
/usr/bin/cc   -DCHECK_FUNCTION_EXISTS=pfm_initialize -O3 -DNDEBUG   -o CMakeFiles/cmTC_d0d14.dir/CheckFunctionExists.c.o   -c /usr/share/cmake-3.16/Modules/CheckFunctionExists.c
Linking C executable cmTC_d0d14
/usr/bin/cmake -E cmake_link_script CMakeFiles/cmTC_d0d14.dir/link.txt --verbose=1
/usr/bin/cc  -DCHECK_FUNCTION_EXISTS=pfm_initialize -O3 -DNDEBUG    CMakeFiles/cmTC_d0d14.dir/CheckFunctionExists.c.o  -o cmTC_d0d14  -lpfm -lm 
/usr/bin/ld: cannot find -lpfm
collect2: error: ld returned 1 exit status
make[1]: *** [CMakeFiles/cmTC_d0d14.dir/build.make:87: cmTC_d0d14] Error 1
make[1]: Leaving directory '/home/user/Desktop/llvm-project/build/CMakeFiles/CMakeTmp'
make: *** [Makefile:121: cmTC_d0d14/fast] Error 2



Performing C SOURCE FILE Test CMAKE_HAVE_LIBC_PTHREAD failed with the following output:
Change Dir: /home/user/Desktop/llvm-project/build/CMakeFiles/CMakeTmp

Run Build Command(s):/usr/bin/make cmTC_e2b11/fast && /usr/bin/make -f CMakeFiles/cmTC_e2b11.dir/build.make CMakeFiles/cmTC_e2b11.dir/build
make[1]: Entering directory '/home/user/Desktop/llvm-project/build/CMakeFiles/CMakeTmp'
Building C object CMakeFiles/cmTC_e2b11.dir/src.c.o
/usr/bin/cc   -DCMAKE_HAVE_LIBC_PTHREAD -O3 -DNDEBUG   -o CMakeFiles/cmTC_e2b11.dir/src.c.o   -c /home/user/Desktop/llvm-project/build/CMakeFiles/CMakeTmp/src.c
Linking C executable cmTC_e2b11
/usr/bin/cmake -E cmake_link_script CMakeFiles/cmTC_e2b11.dir/link.txt --verbose=1
/usr/bin/cc  -DCMAKE_HAVE_LIBC_PTHREAD -O3 -DNDEBUG    CMakeFiles/cmTC_e2b11.dir/src.c.o  -o cmTC_e2b11  -lm 
/usr/bin/ld: CMakeFiles/cmTC_e2b11.dir/src.c.o: in function `main':
src.c:(.text.startup+0x29): undefined reference to `pthread_create'
/usr/bin/ld: src.c:(.text.startup+0x32): undefined reference to `pthread_detach'
/usr/bin/ld: src.c:(.text.startup+0x3d): undefined reference to `pthread_join'
collect2: error: ld returned 1 exit status
make[1]: *** [CMakeFiles/cmTC_e2b11.dir/build.make:87: cmTC_e2b11] Error 1
make[1]: Leaving directory '/home/user/Desktop/llvm-project/build/CMakeFiles/CMakeTmp'
make: *** [Makefile:121: cmTC_e2b11/fast] Error 2


Source file was:
#include <pthread.h>

void* test_func(void* data)
{
  return data;
}

int main(void)
{
  pthread_t thread;
  pthread_create(&thread, NULL, test_func, NULL);
  pthread_detach(thread);
  pthread_join(thread, NULL);
  pthread_atfork(NULL, NULL, NULL);
  pthread_exit(NULL);

  return 0;
}

Determining if the function pthread_create exists in the pthreads failed with the following output:
Change Dir: /home/user/Desktop/llvm-project/build/CMakeFiles/CMakeTmp

Run Build Command(s):/usr/bin/make cmTC_3eace/fast && /usr/bin/make -f CMakeFiles/cmTC_3eace.dir/build.make CMakeFiles/cmTC_3eace.dir/build
make[1]: Entering directory '/home/user/Desktop/llvm-project/build/CMakeFiles/CMakeTmp'
Building C object CMakeFiles/cmTC_3eace.dir/CheckFunctionExists.c.o
/usr/bin/cc   -DCHECK_FUNCTION_EXISTS=pthread_create -O3 -DNDEBUG   -o CMakeFiles/cmTC_3eace.dir/CheckFunctionExists.c.o   -c /usr/share/cmake-3.16/Modules/CheckFunctionExists.c
Linking C executable cmTC_3eace
/usr/bin/cmake -E cmake_link_script CMakeFiles/cmTC_3eace.dir/link.txt --verbose=1
/usr/bin/cc  -DCHECK_FUNCTION_EXISTS=pthread_create -O3 -DNDEBUG    CMakeFiles/cmTC_3eace.dir/CheckFunctionExists.c.o  -o cmTC_3eace  -lpthreads -lm 
/usr/bin/ld: cannot find -lpthreads
collect2: error: ld returned 1 exit status
make[1]: *** [CMakeFiles/cmTC_3eace.dir/build.make:87: cmTC_3eace] Error 1
make[1]: Leaving directory '/home/user/Desktop/llvm-project/build/CMakeFiles/CMakeTmp'
make: *** [Makefile:121: cmTC_3eace/fast] Error 2



Determining if the function xar_open exists in the xar failed with the following output:
Change Dir: /home/user/Desktop/llvm-project/build/CMakeFiles/CMakeTmp

Run Build Command(s):/usr/bin/make cmTC_e3ca1/fast && /usr/bin/make -f CMakeFiles/cmTC_e3ca1.dir/build.make CMakeFiles/cmTC_e3ca1.dir/build
make[1]: Entering directory '/home/user/Desktop/llvm-project/build/CMakeFiles/CMakeTmp'
Building C object CMakeFiles/cmTC_e3ca1.dir/CheckFunctionExists.c.o
/usr/bin/cc   -DCHECK_FUNCTION_EXISTS=xar_open -O3 -DNDEBUG   -o CMakeFiles/cmTC_e3ca1.dir/CheckFunctionExists.c.o   -c /usr/share/cmake-3.16/Modules/CheckFunctionExists.c
Linking C executable cmTC_e3ca1
/usr/bin/cmake -E cmake_link_script CMakeFiles/cmTC_e3ca1.dir/link.txt --verbose=1
/usr/bin/cc  -DCHECK_FUNCTION_EXISTS=xar_open -O3 -DNDEBUG    CMakeFiles/cmTC_e3ca1.dir/CheckFunctionExists.c.o  -o cmTC_e3ca1  -lxar -lm 
/usr/bin/ld: cannot find -lxar
collect2: error: ld returned 1 exit status
make[1]: *** [CMakeFiles/cmTC_e3ca1.dir/build.make:87: cmTC_e3ca1] Error 1
make[1]: Leaving directory '/home/user/Desktop/llvm-project/build/CMakeFiles/CMakeTmp'
make: *** [Makefile:121: cmTC_e3ca1/fast] Error 2



Determining if the arc4random exist failed with the following output:
Change Dir: /home/user/Desktop/llvm-project/build/CMakeFiles/CMakeTmp

Run Build Command(s):/usr/bin/make cmTC_90286/fast && /usr/bin/make -f CMakeFiles/cmTC_90286.dir/build.make CMakeFiles/cmTC_90286.dir/build
make[1]: Entering directory '/home/user/Desktop/llvm-project/build/CMakeFiles/CMakeTmp'
Building C object CMakeFiles/cmTC_90286.dir/CheckSymbolExists.c.o
/usr/bin/cc   -O3 -DNDEBUG   -o CMakeFiles/cmTC_90286.dir/CheckSymbolExists.c.o   -c /home/user/Desktop/llvm-project/build/CMakeFiles/CMakeTmp/CheckSymbolExists.c
/home/user/Desktop/llvm-project/build/CMakeFiles/CMakeTmp/CheckSymbolExists.c: In function ‘main’:
/home/user/Desktop/llvm-project/build/CMakeFiles/CMakeTmp/CheckSymbolExists.c:8:19: error: ‘arc4random’ undeclared (first use in this function); did you mean ‘srandom’?
    8 |   return ((int*)(&arc4random))[argc];
      |                   ^~~~~~~~~~
      |                   srandom
/home/user/Desktop/llvm-project/build/CMakeFiles/CMakeTmp/CheckSymbolExists.c:8:19: note: each undeclared identifier is reported only once for each function it appears in
make[1]: *** [CMakeFiles/cmTC_90286.dir/build.make:66: CMakeFiles/cmTC_90286.dir/CheckSymbolExists.c.o] Error 1
make[1]: Leaving directory '/home/user/Desktop/llvm-project/build/CMakeFiles/CMakeTmp'
make: *** [Makefile:121: cmTC_90286/fast] Error 2


File /home/user/Desktop/llvm-project/build/CMakeFiles/CMakeTmp/CheckSymbolExists.c:
/* */
#include <stdlib.h>

int main(int argc, char** argv)
{
  (void)argv;
#ifndef arc4random
  return ((int*)(&arc4random))[argc];
#else
  (void)argc;
  return 0;
#endif
}
Performing C SOURCE FILE Test C_SUPPORTS_WERROR_UNGUARDED_AVAILABILITY_NEW failed with the following output:
Change Dir: /home/user/Desktop/llvm-project/build/CMakeFiles/CMakeTmp

Run Build Command(s):/usr/bin/make cmTC_7d9cf/fast && /usr/bin/make -f CMakeFiles/cmTC_7d9cf.dir/build.make CMakeFiles/cmTC_7d9cf.dir/build
make[1]: Entering directory '/home/user/Desktop/llvm-project/build/CMakeFiles/CMakeTmp'
Building C object CMakeFiles/cmTC_7d9cf.dir/src.c.o
/usr/bin/cc   -DC_SUPPORTS_WERROR_UNGUARDED_AVAILABILITY_NEW -O3 -DNDEBUG   -Werror=unguarded-availability-new -o CMakeFiles/cmTC_7d9cf.dir/src.c.o   -c /home/user/Desktop/llvm-project/build/CMakeFiles/CMakeTmp/src.c
cc1: error: '-Werror=unguarded-availability-new': no option -Wunguarded-availability-new
make[1]: *** [CMakeFiles/cmTC_7d9cf.dir/build.make:66: CMakeFiles/cmTC_7d9cf.dir/src.c.o] Error 1
make[1]: Leaving directory '/home/user/Desktop/llvm-project/build/CMakeFiles/CMakeTmp'
make: *** [Makefile:121: cmTC_7d9cf/fast] Error 2


Source file was:
int main(void) { return 0; }
Determining if the __unw_add_dynamic_fde exist failed with the following output:
Change Dir: /home/user/Desktop/llvm-project/build/CMakeFiles/CMakeTmp

Run Build Command(s):/usr/bin/make cmTC_0efad/fast && /usr/bin/make -f CMakeFiles/cmTC_0efad.dir/build.make CMakeFiles/cmTC_0efad.dir/build
make[1]: Entering directory '/home/user/Desktop/llvm-project/build/CMakeFiles/CMakeTmp'
Building C object CMakeFiles/cmTC_0efad.dir/CheckSymbolExists.c.o
/usr/bin/cc   -O3 -DNDEBUG   -o CMakeFiles/cmTC_0efad.dir/CheckSymbolExists.c.o   -c /home/user/Desktop/llvm-project/build/CMakeFiles/CMakeTmp/CheckSymbolExists.c
Linking C executable cmTC_0efad
/usr/bin/cmake -E cmake_link_script CMakeFiles/cmTC_0efad.dir/link.txt --verbose=1
/usr/bin/cc   -O3 -DNDEBUG    CMakeFiles/cmTC_0efad.dir/CheckSymbolExists.c.o  -o cmTC_0efad  -lm 
/usr/bin/ld: CMakeFiles/cmTC_0efad.dir/CheckSymbolExists.c.o: in function `main':
CheckSymbolExists.c:(.text.startup+0x7): undefined reference to `__unw_add_dynamic_fde'
collect2: error: ld returned 1 exit status
make[1]: *** [CMakeFiles/cmTC_0efad.dir/build.make:87: cmTC_0efad] Error 1
make[1]: Leaving directory '/home/user/Desktop/llvm-project/build/CMakeFiles/CMakeTmp'
make: *** [Makefile:121: cmTC_0efad/fast] Error 2


File /home/user/Desktop/llvm-project/build/CMakeFiles/CMakeTmp/CheckSymbolExists.c:
/* */
#include </home/user/Desktop/llvm-project/llvm/cmake/unwind.h>

int main(int argc, char** argv)
{
  (void)argv;
#ifndef __unw_add_dynamic_fde
  return ((int*)(&__unw_add_dynamic_fde))[argc];
#else
  (void)argc;
  return 0;
#endif
}
Determining if the mallctl exist failed with the following output:
Change Dir: /home/user/Desktop/llvm-project/build/CMakeFiles/CMakeTmp

Run Build Command(s):/usr/bin/make cmTC_9ec4c/fast && /usr/bin/make -f CMakeFiles/cmTC_9ec4c.dir/build.make CMakeFiles/cmTC_9ec4c.dir/build
make[1]: Entering directory '/home/user/Desktop/llvm-project/build/CMakeFiles/CMakeTmp'
Building C object CMakeFiles/cmTC_9ec4c.dir/CheckSymbolExists.c.o
/usr/bin/cc   -O3 -DNDEBUG   -o CMakeFiles/cmTC_9ec4c.dir/CheckSymbolExists.c.o   -c /home/user/Desktop/llvm-project/build/CMakeFiles/CMakeTmp/CheckSymbolExists.c
/home/user/Desktop/llvm-project/build/CMakeFiles/CMakeTmp/CheckSymbolExists.c:2:10: fatal error: malloc_np.h: No such file or directory
    2 | #include <malloc_np.h>
      |          ^~~~~~~~~~~~~
compilation terminated.
make[1]: *** [CMakeFiles/cmTC_9ec4c.dir/build.make:66: CMakeFiles/cmTC_9ec4c.dir/CheckSymbolExists.c.o] Error 1
make[1]: Leaving directory '/home/user/Desktop/llvm-project/build/CMakeFiles/CMakeTmp'
make: *** [Makefile:121: cmTC_9ec4c/fast] Error 2


File /home/user/Desktop/llvm-project/build/CMakeFiles/CMakeTmp/CheckSymbolExists.c:
/* */
#include <malloc_np.h>

int main(int argc, char** argv)
{
  (void)argv;
#ifndef mallctl
  return ((int*)(&mallctl))[argc];
#else
  (void)argc;
  return 0;
#endif
}
Determining if the mallinfo2 exist failed with the following output:
Change Dir: /home/user/Desktop/llvm-project/build/CMakeFiles/CMakeTmp

Run Build Command(s):/usr/bin/make cmTC_8ec2d/fast && /usr/bin/make -f CMakeFiles/cmTC_8ec2d.dir/build.make CMakeFiles/cmTC_8ec2d.dir/build
make[1]: Entering directory '/home/user/Desktop/llvm-project/build/CMakeFiles/CMakeTmp'
Building C object CMakeFiles/cmTC_8ec2d.dir/CheckSymbolExists.c.o
/usr/bin/cc   -O3 -DNDEBUG   -o CMakeFiles/cmTC_8ec2d.dir/CheckSymbolExists.c.o   -c /home/user/Desktop/llvm-project/build/CMakeFiles/CMakeTmp/CheckSymbolExists.c
/home/user/Desktop/llvm-project/build/CMakeFiles/CMakeTmp/CheckSymbolExists.c: In function ‘main’:
/home/user/Desktop/llvm-project/build/CMakeFiles/CMakeTmp/CheckSymbolExists.c:8:19: error: ‘mallinfo2’ undeclared (first use in this function); did you mean ‘mallinfo’?
    8 |   return ((int*)(&mallinfo2))[argc];
      |                   ^~~~~~~~~
      |                   mallinfo
/home/user/Desktop/llvm-project/build/CMakeFiles/CMakeTmp/CheckSymbolExists.c:8:19: note: each undeclared identifier is reported only once for each function it appears in
make[1]: *** [CMakeFiles/cmTC_8ec2d.dir/build.make:66: CMakeFiles/cmTC_8ec2d.dir/CheckSymbolExists.c.o] Error 1
make[1]: Leaving directory '/home/user/Desktop/llvm-project/build/CMakeFiles/CMakeTmp'
make: *** [Makefile:121: cmTC_8ec2d/fast] Error 2


File /home/user/Desktop/llvm-project/build/CMakeFiles/CMakeTmp/CheckSymbolExists.c:
/* */
#include <malloc.h>

int main(int argc, char** argv)
{
  (void)argv;
#ifndef mallinfo2
  return ((int*)(&mallinfo2))[argc];
#else
  (void)argc;
  return 0;
#endif
}
Determining if the malloc_zone_statistics exist failed with the following output:
Change Dir: /home/user/Desktop/llvm-project/build/CMakeFiles/CMakeTmp

Run Build Command(s):/usr/bin/make cmTC_e7dd8/fast && /usr/bin/make -f CMakeFiles/cmTC_e7dd8.dir/build.make CMakeFiles/cmTC_e7dd8.dir/build
make[1]: Entering directory '/home/user/Desktop/llvm-project/build/CMakeFiles/CMakeTmp'
Building C object CMakeFiles/cmTC_e7dd8.dir/CheckSymbolExists.c.o
/usr/bin/cc   -O3 -DNDEBUG   -o CMakeFiles/cmTC_e7dd8.dir/CheckSymbolExists.c.o   -c /home/user/Desktop/llvm-project/build/CMakeFiles/CMakeTmp/CheckSymbolExists.c
/home/user/Desktop/llvm-project/build/CMakeFiles/CMakeTmp/CheckSymbolExists.c:2:10: fatal error: malloc/malloc.h: No such file or directory
    2 | #include <malloc/malloc.h>
      |          ^~~~~~~~~~~~~~~~~
compilation terminated.
make[1]: *** [CMakeFiles/cmTC_e7dd8.dir/build.make:66: CMakeFiles/cmTC_e7dd8.dir/CheckSymbolExists.c.o] Error 1
make[1]: Leaving directory '/home/user/Desktop/llvm-project/build/CMakeFiles/CMakeTmp'
make: *** [Makefile:121: cmTC_e7dd8/fast] Error 2


File /home/user/Desktop/llvm-project/build/CMakeFiles/CMakeTmp/CheckSymbolExists.c:
/* */
#include <malloc/malloc.h>

int main(int argc, char** argv)
{
  (void)argv;
#ifndef malloc_zone_statistics
  return ((int*)(&malloc_zone_statistics))[argc];
#else
  (void)argc;
  return 0;
#endif
}
Determining if the strerror_s exist failed with the following output:
Change Dir: /home/user/Desktop/llvm-project/build/CMakeFiles/CMakeTmp

Run Build Command(s):/usr/bin/make cmTC_0eaf4/fast && /usr/bin/make -f CMakeFiles/cmTC_0eaf4.dir/build.make CMakeFiles/cmTC_0eaf4.dir/build
make[1]: Entering directory '/home/user/Desktop/llvm-project/build/CMakeFiles/CMakeTmp'
Building C object CMakeFiles/cmTC_0eaf4.dir/CheckSymbolExists.c.o
/usr/bin/cc   -O3 -DNDEBUG   -o CMakeFiles/cmTC_0eaf4.dir/CheckSymbolExists.c.o   -c /home/user/Desktop/llvm-project/build/CMakeFiles/CMakeTmp/CheckSymbolExists.c
/home/user/Desktop/llvm-project/build/CMakeFiles/CMakeTmp/CheckSymbolExists.c: In function ‘main’:
/home/user/Desktop/llvm-project/build/CMakeFiles/CMakeTmp/CheckSymbolExists.c:8:19: error: ‘strerror_s’ undeclared (first use in this function); did you mean ‘strerror_l’?
    8 |   return ((int*)(&strerror_s))[argc];
      |                   ^~~~~~~~~~
      |                   strerror_l
/home/user/Desktop/llvm-project/build/CMakeFiles/CMakeTmp/CheckSymbolExists.c:8:19: note: each undeclared identifier is reported only once for each function it appears in
make[1]: *** [CMakeFiles/cmTC_0eaf4.dir/build.make:66: CMakeFiles/cmTC_0eaf4.dir/CheckSymbolExists.c.o] Error 1
make[1]: Leaving directory '/home/user/Desktop/llvm-project/build/CMakeFiles/CMakeTmp'
make: *** [Makefile:121: cmTC_0eaf4/fast] Error 2


File /home/user/Desktop/llvm-project/build/CMakeFiles/CMakeTmp/CheckSymbolExists.c:
/* */
#include <string.h>

int main(int argc, char** argv)
{
  (void)argv;
#ifndef strerror_s
  return ((int*)(&strerror_s))[argc];
#else
  (void)argc;
  return 0;
#endif
}
Performing C SOURCE FILE Test HAVE_STRUCT_STAT_ST_MTIMESPEC_TV_NSEC failed with the following output:
Change Dir: /home/user/Desktop/llvm-project/build/CMakeFiles/CMakeTmp

Run Build Command(s):/usr/bin/make cmTC_5bfde/fast && /usr/bin/make -f CMakeFiles/cmTC_5bfde.dir/build.make CMakeFiles/cmTC_5bfde.dir/build
make[1]: Entering directory '/home/user/Desktop/llvm-project/build/CMakeFiles/CMakeTmp'
Building C object CMakeFiles/cmTC_5bfde.dir/src.c.o
/usr/bin/cc   -DHAVE_STRUCT_STAT_ST_MTIMESPEC_TV_NSEC -O3 -DNDEBUG   -o CMakeFiles/cmTC_5bfde.dir/src.c.o   -c /home/user/Desktop/llvm-project/build/CMakeFiles/CMakeTmp/src.c
/home/user/Desktop/llvm-project/build/CMakeFiles/CMakeTmp/src.c: In function ‘main’:
/home/user/Desktop/llvm-project/build/CMakeFiles/CMakeTmp/src.c:7:34: error: ‘struct stat’ has no member named ‘st_mtimespec’
    7 |   (void)sizeof(((struct stat *)0)->st_mtimespec.tv_nsec);
      |                                  ^~
make[1]: *** [CMakeFiles/cmTC_5bfde.dir/build.make:66: CMakeFiles/cmTC_5bfde.dir/src.c.o] Error 1
make[1]: Leaving directory '/home/user/Desktop/llvm-project/build/CMakeFiles/CMakeTmp'
make: *** [Makefile:121: cmTC_5bfde/fast] Error 2


Source file was:

#include <sys/types.h>
#include <sys/stat.h>

int main()
{
  (void)sizeof(((struct stat *)0)->st_mtimespec.tv_nsec);
  return 0;
}

Determining if the proc_pid_rusage exist failed with the following output:
Change Dir: /home/user/Desktop/llvm-project/build/CMakeFiles/CMakeTmp

Run Build Command(s):/usr/bin/make cmTC_a4533/fast && /usr/bin/make -f CMakeFiles/cmTC_a4533.dir/build.make CMakeFiles/cmTC_a4533.dir/build
make[1]: Entering directory '/home/user/Desktop/llvm-project/build/CMakeFiles/CMakeTmp'
Building C object CMakeFiles/cmTC_a4533.dir/CheckSymbolExists.c.o
/usr/bin/cc -D_GNU_SOURCE  -O3 -DNDEBUG   -o CMakeFiles/cmTC_a4533.dir/CheckSymbolExists.c.o   -c /home/user/Desktop/llvm-project/build/CMakeFiles/CMakeTmp/CheckSymbolExists.c
/home/user/Desktop/llvm-project/build/CMakeFiles/CMakeTmp/CheckSymbolExists.c:2:10: fatal error: libproc.h: No such file or directory
    2 | #include <libproc.h>
      |          ^~~~~~~~~~~
compilation terminated.
make[1]: *** [CMakeFiles/cmTC_a4533.dir/build.make:66: CMakeFiles/cmTC_a4533.dir/CheckSymbolExists.c.o] Error 1
make[1]: Leaving directory '/home/user/Desktop/llvm-project/build/CMakeFiles/CMakeTmp'
make: *** [Makefile:121: cmTC_a4533/fast] Error 2


File /home/user/Desktop/llvm-project/build/CMakeFiles/CMakeTmp/CheckSymbolExists.c:
/* */
#include <libproc.h>

int main(int argc, char** argv)
{
  (void)argv;
#ifndef proc_pid_rusage
  return ((int*)(&proc_pid_rusage))[argc];
#else
  (void)argc;
  return 0;
#endif
}
Performing C++ SOURCE FILE Test SUPPORTS_GNU_ZERO_VARIADIC_MACRO_ARGUMENTS_FLAG failed with the following output:
Change Dir: /home/user/Desktop/llvm-project/build/CMakeFiles/CMakeTmp

Run Build Command(s):/usr/bin/make cmTC_0ff13/fast && /usr/bin/make -f CMakeFiles/cmTC_0ff13.dir/build.make CMakeFiles/cmTC_0ff13.dir/build
make[1]: Entering directory '/home/user/Desktop/llvm-project/build/CMakeFiles/CMakeTmp'
Building CXX object CMakeFiles/cmTC_0ff13.dir/src.cxx.o
/usr/bin/c++    -DSUPPORTS_GNU_ZERO_VARIADIC_MACRO_ARGUMENTS_FLAG -O3 -DNDEBUG   -Wgnu-zero-variadic-macro-arguments -std=c++17 -o CMakeFiles/cmTC_0ff13.dir/src.cxx.o -c /home/user/Desktop/llvm-project/build/CMakeFiles/CMakeTmp/src.cxx
c++: error: unrecognized command line option '-Wgnu-zero-variadic-macro-arguments'
make[1]: *** [CMakeFiles/cmTC_0ff13.dir/build.make:66: CMakeFiles/cmTC_0ff13.dir/src.cxx.o] Error 1
make[1]: Leaving directory '/home/user/Desktop/llvm-project/build/CMakeFiles/CMakeTmp'
make: *** [Makefile:121: cmTC_0ff13/fast] Error 2


Source file was:
int main() { return 0; }
Performing C++ SOURCE FILE Test CXX_SUPPORTS_WERROR_UNGUARDED_AVAILABILITY_NEW failed with the following output:
Change Dir: /home/user/Desktop/llvm-project/build/CMakeFiles/CMakeTmp

Run Build Command(s):/usr/bin/make cmTC_324d9/fast && /usr/bin/make -f CMakeFiles/cmTC_324d9.dir/build.make CMakeFiles/cmTC_324d9.dir/build
make[1]: Entering directory '/home/user/Desktop/llvm-project/build/CMakeFiles/CMakeTmp'
Building CXX object CMakeFiles/cmTC_324d9.dir/src.cxx.o
/usr/bin/c++    -fPIC -fno-semantic-interposition -fvisibility-inlines-hidden -Werror=date-time -DCXX_SUPPORTS_WERROR_UNGUARDED_AVAILABILITY_NEW -O3 -DNDEBUG   -Werror -Werror=unguarded-availability-new -std=c++17 -o CMakeFiles/cmTC_324d9.dir/src.cxx.o -c /home/user/Desktop/llvm-project/build/CMakeFiles/CMakeTmp/src.cxx
cc1plus: error: '-Werror=unguarded-availability-new': no option -Wunguarded-availability-new
make[1]: *** [CMakeFiles/cmTC_324d9.dir/build.make:66: CMakeFiles/cmTC_324d9.dir/src.cxx.o] Error 1
make[1]: Leaving directory '/home/user/Desktop/llvm-project/build/CMakeFiles/CMakeTmp'
make: *** [Makefile:121: cmTC_324d9/fast] Error 2


Source file was:
int main() { return 0; }
Performing C SOURCE FILE Test C_SUPPORTS_CXX98_COMPAT_EXTRA_SEMI_FLAG failed with the following output:
Change Dir: /home/user/Desktop/llvm-project/build/CMakeFiles/CMakeTmp

Run Build Command(s):/usr/bin/make cmTC_a44ed/fast && /usr/bin/make -f CMakeFiles/cmTC_a44ed.dir/build.make CMakeFiles/cmTC_a44ed.dir/build
make[1]: Entering directory '/home/user/Desktop/llvm-project/build/CMakeFiles/CMakeTmp'
Building C object CMakeFiles/cmTC_a44ed.dir/src.c.o
/usr/bin/cc   -fPIC -fno-semantic-interposition -Werror=date-time -Wall -Wextra -Wno-unused-parameter -Wwrite-strings -Wno-missing-field-initializers -pedantic -Wno-long-long -DC_SUPPORTS_CXX98_COMPAT_EXTRA_SEMI_FLAG -O3 -DNDEBUG   -Werror -Wc++98-compat-extra-semi -o CMakeFiles/cmTC_a44ed.dir/src.c.o   -c /home/user/Desktop/llvm-project/build/CMakeFiles/CMakeTmp/src.c
cc: error: unrecognized command line option '-Wc++98-compat-extra-semi'
make[1]: *** [CMakeFiles/cmTC_a44ed.dir/build.make:66: CMakeFiles/cmTC_a44ed.dir/src.c.o] Error 1
make[1]: Leaving directory '/home/user/Desktop/llvm-project/build/CMakeFiles/CMakeTmp'
make: *** [Makefile:121: cmTC_a44ed/fast] Error 2


Source file was:
int main(void) { return 0; }
Performing C++ SOURCE FILE Test CXX_SUPPORTS_CXX98_COMPAT_EXTRA_SEMI_FLAG failed with the following output:
Change Dir: /home/user/Desktop/llvm-project/build/CMakeFiles/CMakeTmp

Run Build Command(s):/usr/bin/make cmTC_2b459/fast && /usr/bin/make -f CMakeFiles/cmTC_2b459.dir/build.make CMakeFiles/cmTC_2b459.dir/build
make[1]: Entering directory '/home/user/Desktop/llvm-project/build/CMakeFiles/CMakeTmp'
Building CXX object CMakeFiles/cmTC_2b459.dir/src.cxx.o
/usr/bin/c++    -fPIC -fno-semantic-interposition -fvisibility-inlines-hidden -Werror=date-time -Wall -Wextra -Wno-unused-parameter -Wwrite-strings -Wcast-qual -Wno-missing-field-initializers -pedantic -Wno-long-long -DCXX_SUPPORTS_CXX98_COMPAT_EXTRA_SEMI_FLAG -O3 -DNDEBUG   -Werror -Wc++98-compat-extra-semi -std=c++17 -o CMakeFiles/cmTC_2b459.dir/src.cxx.o -c /home/user/Desktop/llvm-project/build/CMakeFiles/CMakeTmp/src.cxx
c++: error: unrecognized command line option '-Wc++98-compat-extra-semi'
make[1]: *** [CMakeFiles/cmTC_2b459.dir/build.make:66: CMakeFiles/cmTC_2b459.dir/src.cxx.o] Error 1
make[1]: Leaving directory '/home/user/Desktop/llvm-project/build/CMakeFiles/CMakeTmp'
make: *** [Makefile:121: cmTC_2b459/fast] Error 2


Source file was:
int main() { return 0; }
Performing C SOURCE FILE Test C_SUPPORTS_COVERED_SWITCH_DEFAULT_FLAG failed with the following output:
Change Dir: /home/user/Desktop/llvm-project/build/CMakeFiles/CMakeTmp

Run Build Command(s):/usr/bin/make cmTC_6d76c/fast && /usr/bin/make -f CMakeFiles/cmTC_6d76c.dir/build.make CMakeFiles/cmTC_6d76c.dir/build
make[1]: Entering directory '/home/user/Desktop/llvm-project/build/CMakeFiles/CMakeTmp'
Building C object CMakeFiles/cmTC_6d76c.dir/src.c.o
/usr/bin/cc   -fPIC -fno-semantic-interposition -Werror=date-time -Wall -Wextra -Wno-unused-parameter -Wwrite-strings -Wno-missing-field-initializers -pedantic -Wno-long-long -Wimplicit-fallthrough -DC_SUPPORTS_COVERED_SWITCH_DEFAULT_FLAG -O3 -DNDEBUG   -Werror -Wcovered-switch-default -o CMakeFiles/cmTC_6d76c.dir/src.c.o   -c /home/user/Desktop/llvm-project/build/CMakeFiles/CMakeTmp/src.c
cc: error: unrecognized command line option '-Wcovered-switch-default'; did you mean '-Wno-switch-default'?
make[1]: *** [CMakeFiles/cmTC_6d76c.dir/build.make:66: CMakeFiles/cmTC_6d76c.dir/src.c.o] Error 1
make[1]: Leaving directory '/home/user/Desktop/llvm-project/build/CMakeFiles/CMakeTmp'
make: *** [Makefile:121: cmTC_6d76c/fast] Error 2


Source file was:
int main(void) { return 0; }
Performing C++ SOURCE FILE Test CXX_SUPPORTS_COVERED_SWITCH_DEFAULT_FLAG failed with the following output:
Change Dir: /home/user/Desktop/llvm-project/build/CMakeFiles/CMakeTmp

Run Build Command(s):/usr/bin/make cmTC_caceb/fast && /usr/bin/make -f CMakeFiles/cmTC_caceb.dir/build.make CMakeFiles/cmTC_caceb.dir/build
make[1]: Entering directory '/home/user/Desktop/llvm-project/build/CMakeFiles/CMakeTmp'
Building CXX object CMakeFiles/cmTC_caceb.dir/src.cxx.o
/usr/bin/c++    -fPIC -fno-semantic-interposition -fvisibility-inlines-hidden -Werror=date-time -Wall -Wextra -Wno-unused-parameter -Wwrite-strings -Wcast-qual -Wno-missing-field-initializers -pedantic -Wno-long-long -Wimplicit-fallthrough -DCXX_SUPPORTS_COVERED_SWITCH_DEFAULT_FLAG -O3 -DNDEBUG   -Werror -Wcovered-switch-default -std=c++17 -o CMakeFiles/cmTC_caceb.dir/src.cxx.o -c /home/user/Desktop/llvm-project/build/CMakeFiles/CMakeTmp/src.cxx
c++: error: unrecognized command line option '-Wcovered-switch-default'; did you mean '-Wno-switch-default'?
make[1]: *** [CMakeFiles/cmTC_caceb.dir/build.make:66: CMakeFiles/cmTC_caceb.dir/src.cxx.o] Error 1
make[1]: Leaving directory '/home/user/Desktop/llvm-project/build/CMakeFiles/CMakeTmp'
make: *** [Makefile:121: cmTC_caceb/fast] Error 2


Source file was:
int main() { return 0; }
Performing C++ SOURCE FILE Test CXX_WONT_WARN_ON_FINAL_NONVIRTUALDTOR failed with the following output:
Change Dir: /home/user/Desktop/llvm-project/build/CMakeFiles/CMakeTmp

Run Build Command(s):/usr/bin/make cmTC_052d5/fast && /usr/bin/make -f CMakeFiles/cmTC_052d5.dir/build.make CMakeFiles/cmTC_052d5.dir/build
make[1]: Entering directory '/home/user/Desktop/llvm-project/build/CMakeFiles/CMakeTmp'
Building CXX object CMakeFiles/cmTC_052d5.dir/src.cxx.o
/usr/bin/c++  -D_GNU_SOURCE  -fPIC -fno-semantic-interposition -fvisibility-inlines-hidden -Werror=date-time -Wall -Wextra -Wno-unused-parameter -Wwrite-strings -Wcast-qual -Wno-missing-field-initializers -pedantic -Wno-long-long -Wimplicit-fallthrough -Wno-maybe-uninitialized -Wno-class-memaccess -Wno-redundant-move -Wno-pessimizing-move -Wno-noexcept-type -DCXX_WONT_WARN_ON_FINAL_NONVIRTUALDTOR  -Werror=non-virtual-dtor -O3 -DNDEBUG   -std=c++17 -o CMakeFiles/cmTC_052d5.dir/src.cxx.o -c /home/user/Desktop/llvm-project/build/CMakeFiles/CMakeTmp/src.cxx
/home/user/Desktop/llvm-project/build/CMakeFiles/CMakeTmp/src.cxx:2:36: error: ‘class base’ has virtual functions and accessible non-virtual destructor [-Werror=non-virtual-dtor]
    2 |                              class base {friend f; public: virtual void anchor();protected: ~base();};
      |                                    ^~~~
cc1plus: some warnings being treated as errors
make[1]: *** [CMakeFiles/cmTC_052d5.dir/build.make:66: CMakeFiles/cmTC_052d5.dir/src.cxx.o] Error 1
make[1]: Leaving directory '/home/user/Desktop/llvm-project/build/CMakeFiles/CMakeTmp'
make: *** [Makefile:121: cmTC_052d5/fast] Error 2


Source file was:
class f {};
                             class base {friend f; public: virtual void anchor();protected: ~base();};
                             int main() { return 0; }
Performing C SOURCE FILE Test C_WCOMMENT_ALLOWS_LINE_WRAP failed with the following output:
Change Dir: /home/user/Desktop/llvm-project/build/CMakeFiles/CMakeTmp

Run Build Command(s):/usr/bin/make cmTC_0cde4/fast && /usr/bin/make -f CMakeFiles/cmTC_0cde4.dir/build.make CMakeFiles/cmTC_0cde4.dir/build
make[1]: Entering directory '/home/user/Desktop/llvm-project/build/CMakeFiles/CMakeTmp'
Building C object CMakeFiles/cmTC_0cde4.dir/src.c.o
/usr/bin/cc -D_GNU_SOURCE  -fPIC -fno-semantic-interposition -Werror=date-time -Wall -Wextra -Wno-unused-parameter -Wwrite-strings -Wno-missing-field-initializers -pedantic -Wno-long-long -Wimplicit-fallthrough -DC_WCOMMENT_ALLOWS_LINE_WRAP  -Werror -Wcomment -O3 -DNDEBUG   -o CMakeFiles/cmTC_0cde4.dir/src.c.o   -c /home/user/Desktop/llvm-project/build/CMakeFiles/CMakeTmp/src.c
/home/user/Desktop/llvm-project/build/CMakeFiles/CMakeTmp/src.c:1:1: error: multi-line comment [-Werror=comment]
    1 | // \
      | ^
cc1: all warnings being treated as errors
make[1]: *** [CMakeFiles/cmTC_0cde4.dir/build.make:66: CMakeFiles/cmTC_0cde4.dir/src.c.o] Error 1
make[1]: Leaving directory '/home/user/Desktop/llvm-project/build/CMakeFiles/CMakeTmp'
make: *** [Makefile:121: cmTC_0cde4/fast] Error 2


Source file was:
// \
//
int main(void) {return 0;}
Performing C SOURCE FILE Test C_SUPPORTS_STRING_CONVERSION_FLAG failed with the following output:
Change Dir: /home/user/Desktop/llvm-project/build/CMakeFiles/CMakeTmp

Run Build Command(s):/usr/bin/make cmTC_1b3f0/fast && /usr/bin/make -f CMakeFiles/cmTC_1b3f0.dir/build.make CMakeFiles/cmTC_1b3f0.dir/build
make[1]: Entering directory '/home/user/Desktop/llvm-project/build/CMakeFiles/CMakeTmp'
Building C object CMakeFiles/cmTC_1b3f0.dir/src.c.o
/usr/bin/cc   -fPIC -fno-semantic-interposition -Werror=date-time -Wall -Wextra -Wno-unused-parameter -Wwrite-strings -Wno-missing-field-initializers -pedantic -Wno-long-long -Wimplicit-fallthrough -Wno-comment -DC_SUPPORTS_STRING_CONVERSION_FLAG -O3 -DNDEBUG   -Werror -Wstring-conversion -o CMakeFiles/cmTC_1b3f0.dir/src.c.o   -c /home/user/Desktop/llvm-project/build/CMakeFiles/CMakeTmp/src.c
cc: error: unrecognized command line option '-Wstring-conversion'; did you mean '-Wsign-conversion'?
make[1]: *** [CMakeFiles/cmTC_1b3f0.dir/build.make:66: CMakeFiles/cmTC_1b3f0.dir/src.c.o] Error 1
make[1]: Leaving directory '/home/user/Desktop/llvm-project/build/CMakeFiles/CMakeTmp'
make: *** [Makefile:121: cmTC_1b3f0/fast] Error 2


Source file was:
int main(void) { return 0; }
Performing C++ SOURCE FILE Test CXX_SUPPORTS_STRING_CONVERSION_FLAG failed with the following output:
Change Dir: /home/user/Desktop/llvm-project/build/CMakeFiles/CMakeTmp

Run Build Command(s):/usr/bin/make cmTC_6d4f3/fast && /usr/bin/make -f CMakeFiles/cmTC_6d4f3.dir/build.make CMakeFiles/cmTC_6d4f3.dir/build
make[1]: Entering directory '/home/user/Desktop/llvm-project/build/CMakeFiles/CMakeTmp'
Building CXX object CMakeFiles/cmTC_6d4f3.dir/src.cxx.o
/usr/bin/c++    -fPIC -fno-semantic-interposition -fvisibility-inlines-hidden -Werror=date-time -Wall -Wextra -Wno-unused-parameter -Wwrite-strings -Wcast-qual -Wno-missing-field-initializers -pedantic -Wno-long-long -Wimplicit-fallthrough -Wno-maybe-uninitialized -Wno-class-memaccess -Wno-redundant-move -Wno-pessimizing-move -Wno-noexcept-type -Wdelete-non-virtual-dtor -Wsuggest-override -Wno-comment -DCXX_SUPPORTS_STRING_CONVERSION_FLAG -O3 -DNDEBUG   -Werror -Wstring-conversion -std=c++17 -o CMakeFiles/cmTC_6d4f3.dir/src.cxx.o -c /home/user/Desktop/llvm-project/build/CMakeFiles/CMakeTmp/src.cxx
c++: error: unrecognized command line option '-Wstring-conversion'; did you mean '-Wsign-conversion'?
make[1]: *** [CMakeFiles/cmTC_6d4f3.dir/build.make:66: CMakeFiles/cmTC_6d4f3.dir/src.cxx.o] Error 1
make[1]: Leaving directory '/home/user/Desktop/llvm-project/build/CMakeFiles/CMakeTmp'
make: *** [Makefile:121: cmTC_6d4f3/fast] Error 2


Source file was:
int main() { return 0; }
Performing C SOURCE FILE Test C_SUPPORTS_CTAD_MAYBE_UNSPPORTED_FLAG failed with the following output:
Change Dir: /home/user/Desktop/llvm-project/build/CMakeFiles/CMakeTmp

Run Build Command(s):/usr/bin/make cmTC_2891c/fast && /usr/bin/make -f CMakeFiles/cmTC_2891c.dir/build.make CMakeFiles/cmTC_2891c.dir/build
make[1]: Entering directory '/home/user/Desktop/llvm-project/build/CMakeFiles/CMakeTmp'
Building C object CMakeFiles/cmTC_2891c.dir/src.c.o
/usr/bin/cc   -fPIC -fno-semantic-interposition -Werror=date-time -Wall -Wextra -Wno-unused-parameter -Wwrite-strings -Wno-missing-field-initializers -pedantic -Wno-long-long -Wimplicit-fallthrough -Wno-comment -DC_SUPPORTS_CTAD_MAYBE_UNSPPORTED_FLAG -O3 -DNDEBUG   -Werror -Wctad-maybe-unsupported -o CMakeFiles/cmTC_2891c.dir/src.c.o   -c /home/user/Desktop/llvm-project/build/CMakeFiles/CMakeTmp/src.c
cc: error: unrecognized command line option '-Wctad-maybe-unsupported'
make[1]: *** [CMakeFiles/cmTC_2891c.dir/build.make:66: CMakeFiles/cmTC_2891c.dir/src.c.o] Error 1
make[1]: Leaving directory '/home/user/Desktop/llvm-project/build/CMakeFiles/CMakeTmp'
make: *** [Makefile:121: cmTC_2891c/fast] Error 2


Source file was:
int main(void) { return 0; }
Performing C++ SOURCE FILE Test CXX_SUPPORTS_CTAD_MAYBE_UNSPPORTED_FLAG failed with the following output:
Change Dir: /home/user/Desktop/llvm-project/build/CMakeFiles/CMakeTmp

Run Build Command(s):/usr/bin/make cmTC_1102d/fast && /usr/bin/make -f CMakeFiles/cmTC_1102d.dir/build.make CMakeFiles/cmTC_1102d.dir/build
make[1]: Entering directory '/home/user/Desktop/llvm-project/build/CMakeFiles/CMakeTmp'
Building CXX object CMakeFiles/cmTC_1102d.dir/src.cxx.o
/usr/bin/c++    -fPIC -fno-semantic-interposition -fvisibility-inlines-hidden -Werror=date-time -Wall -Wextra -Wno-unused-parameter -Wwrite-strings -Wcast-qual -Wno-missing-field-initializers -pedantic -Wno-long-long -Wimplicit-fallthrough -Wno-maybe-uninitialized -Wno-class-memaccess -Wno-redundant-move -Wno-pessimizing-move -Wno-noexcept-type -Wdelete-non-virtual-dtor -Wsuggest-override -Wno-comment -Wno-misleading-indentation -DCXX_SUPPORTS_CTAD_MAYBE_UNSPPORTED_FLAG -O3 -DNDEBUG   -Werror -Wctad-maybe-unsupported -std=c++17 -o CMakeFiles/cmTC_1102d.dir/src.cxx.o -c /home/user/Desktop/llvm-project/build/CMakeFiles/CMakeTmp/src.cxx
c++: error: unrecognized command line option '-Wctad-maybe-unsupported'
make[1]: *** [CMakeFiles/cmTC_1102d.dir/build.make:66: CMakeFiles/cmTC_1102d.dir/src.cxx.o] Error 1
make[1]: Leaving directory '/home/user/Desktop/llvm-project/build/CMakeFiles/CMakeTmp'
make: *** [Makefile:121: cmTC_1102d/fast] Error 2


Source file was:
int main() { return 0; }
Determining if the os_signpost_interval_begin exist failed with the following output:
Change Dir: /home/user/Desktop/llvm-project/build/CMakeFiles/CMakeTmp

Run Build Command(s):/usr/bin/make cmTC_f705e/fast && /usr/bin/make -f CMakeFiles/cmTC_f705e.dir/build.make CMakeFiles/cmTC_f705e.dir/build
make[1]: Entering directory '/home/user/Desktop/llvm-project/build/CMakeFiles/CMakeTmp'
Building C object CMakeFiles/cmTC_f705e.dir/CheckSymbolExists.c.o
/usr/bin/cc -D_GNU_SOURCE  -fPIC -fno-semantic-interposition -Werror=date-time -Wall -Wextra -Wno-unused-parameter -Wwrite-strings -Wno-missing-field-initializers -pedantic -Wno-long-long -Wimplicit-fallthrough -Wno-comment -ffunction-sections -fdata-sections  -O3 -DNDEBUG   -o CMakeFiles/cmTC_f705e.dir/CheckSymbolExists.c.o   -c /home/user/Desktop/llvm-project/build/CMakeFiles/CMakeTmp/CheckSymbolExists.c
/home/user/Desktop/llvm-project/build/CMakeFiles/CMakeTmp/CheckSymbolExists.c:2:10: fatal error: os/signpost.h: No such file or directory
    2 | #include <os/signpost.h>
      |          ^~~~~~~~~~~~~~~
compilation terminated.
make[1]: *** [CMakeFiles/cmTC_f705e.dir/build.make:66: CMakeFiles/cmTC_f705e.dir/CheckSymbolExists.c.o] Error 1
make[1]: Leaving directory '/home/user/Desktop/llvm-project/build/CMakeFiles/CMakeTmp'
make: *** [Makefile:121: cmTC_f705e/fast] Error 2


File /home/user/Desktop/llvm-project/build/CMakeFiles/CMakeTmp/CheckSymbolExists.c:
/* */
#include <os/signpost.h>

int main(int argc, char** argv)
{
  (void)argv;
#ifndef os_signpost_interval_begin
  return ((int*)(&os_signpost_interval_begin))[argc];
#else
  (void)argc;
  return 0;
#endif
}
Performing C++ SOURCE FILE Test HAS_WERROR_GLOBAL_CTORS failed with the following output:
Change Dir: /home/user/Desktop/llvm-project/build/CMakeFiles/CMakeTmp

Run Build Command(s):/usr/bin/make cmTC_c2809/fast && /usr/bin/make -f CMakeFiles/cmTC_c2809.dir/build.make CMakeFiles/cmTC_c2809.dir/build
make[1]: Entering directory '/home/user/Desktop/llvm-project/build/CMakeFiles/CMakeTmp'
Building CXX object CMakeFiles/cmTC_c2809.dir/src.cxx.o
/usr/bin/c++    -fPIC -fno-semantic-interposition -fvisibility-inlines-hidden -Werror=date-time -Wall -Wextra -Wno-unused-parameter -Wwrite-strings -Wcast-qual -Wno-missing-field-initializers -pedantic -Wno-long-long -Wimplicit-fallthrough -Wno-maybe-uninitialized -Wno-class-memaccess -Wno-redundant-move -Wno-pessimizing-move -Wno-noexcept-type -Wdelete-non-virtual-dtor -Wsuggest-override -Wno-comment -Wno-misleading-indentation -ffunction-sections -fdata-sections -DHAS_WERROR_GLOBAL_CTORS -O3 -DNDEBUG   -Werror=global-constructors -std=c++17 -o CMakeFiles/cmTC_c2809.dir/src.cxx.o -c /home/user/Desktop/llvm-project/build/CMakeFiles/CMakeTmp/src.cxx
cc1plus: error: '-Werror=global-constructors': no option -Wglobal-constructors
make[1]: *** [CMakeFiles/cmTC_c2809.dir/build.make:66: CMakeFiles/cmTC_c2809.dir/src.cxx.o] Error 1
make[1]: Leaving directory '/home/user/Desktop/llvm-project/build/CMakeFiles/CMakeTmp'
make: *** [Makefile:121: cmTC_c2809/fast] Error 2


Source file was:
int main() { return 0; }
Performing C++ SOURCE FILE Test CXX_SUPPORTS_NO_NESTED_ANON_TYPES_FLAG failed with the following output:
Change Dir: /home/user/Desktop/llvm-project/build/CMakeFiles/CMakeTmp

Run Build Command(s):/usr/bin/make cmTC_5f350/fast && /usr/bin/make -f CMakeFiles/cmTC_5f350.dir/build.make CMakeFiles/cmTC_5f350.dir/build
make[1]: Entering directory '/home/user/Desktop/llvm-project/build/CMakeFiles/CMakeTmp'
Building CXX object CMakeFiles/cmTC_5f350.dir/src.cxx.o
/usr/bin/c++    -fPIC -fno-semantic-interposition -fvisibility-inlines-hidden -Werror=date-time -Wall -Wextra -Wno-unused-parameter -Wwrite-strings -Wcast-qual -Wno-missing-field-initializers -pedantic -Wno-long-long -Wimplicit-fallthrough -Wno-maybe-uninitialized -Wno-class-memaccess -Wno-redundant-move -Wno-pessimizing-move -Wno-noexcept-type -Wdelete-non-virtual-dtor -Wsuggest-override -Wno-comment -Wno-misleading-indentation -ffunction-sections -fdata-sections -fno-common -Woverloaded-virtual -fno-strict-aliasing -DCXX_SUPPORTS_NO_NESTED_ANON_TYPES_FLAG -O3 -DNDEBUG   -Werror -Wnested-anon-types -std=c++17 -o CMakeFiles/cmTC_5f350.dir/src.cxx.o -c /home/user/Desktop/llvm-project/build/CMakeFiles/CMakeTmp/src.cxx
c++: error: unrecognized command line option '-Wnested-anon-types'
make[1]: *** [CMakeFiles/cmTC_5f350.dir/build.make:66: CMakeFiles/cmTC_5f350.dir/src.cxx.o] Error 1
make[1]: Leaving directory '/home/user/Desktop/llvm-project/build/CMakeFiles/CMakeTmp'
make: *** [Makefile:121: cmTC_5f350/fast] Error 2


Source file was:
int main() { return 0; }
Performing C++ SOURCE FILE Test HAVE_CXX_FLAG_WSHORTEN_64_TO_32 failed with the following output:
Change Dir: /home/user/Desktop/llvm-project/build/CMakeFiles/CMakeTmp

Run Build Command(s):/usr/bin/make cmTC_711c3/fast && /usr/bin/make -f CMakeFiles/cmTC_711c3.dir/build.make CMakeFiles/cmTC_711c3.dir/build
make[1]: Entering directory '/home/user/Desktop/llvm-project/build/CMakeFiles/CMakeTmp'
Building CXX object CMakeFiles/cmTC_711c3.dir/src.cxx.o
/usr/bin/c++    -fPIC -fno-semantic-interposition -fvisibility-inlines-hidden -Werror=date-time -Wall -Wextra -Wno-unused-parameter -Wwrite-strings -Wcast-qual -Wno-missing-field-initializers -pedantic -Wno-long-long -Wimplicit-fallthrough -Wno-maybe-uninitialized -Wno-class-memaccess -Wno-redundant-move -Wno-pessimizing-move -Wno-noexcept-type -Wdelete-non-virtual-dtor -Wsuggest-override -Wno-comment -Wno-misleading-indentation -ffunction-sections -fdata-sections  -std=c++11  -Wall  -Wextra  -Wshadow  -Wsuggest-override  -pedantic  -pedantic-errors -DHAVE_CXX_FLAG_WSHORTEN_64_TO_32  -Wshorten-64-to-32 -O3 -DNDEBUG   -Wshorten-64-to-32 -std=c++17 -o CMakeFiles/cmTC_711c3.dir/src.cxx.o -c /home/user/Desktop/llvm-project/build/CMakeFiles/CMakeTmp/src.cxx
c++: error: unrecognized command line option '-Wshorten-64-to-32'
c++: error: unrecognized command line option '-Wshorten-64-to-32'
make[1]: *** [CMakeFiles/cmTC_711c3.dir/build.make:66: CMakeFiles/cmTC_711c3.dir/src.cxx.o] Error 1
make[1]: Leaving directory '/home/user/Desktop/llvm-project/build/CMakeFiles/CMakeTmp'
make: *** [Makefile:121: cmTC_711c3/fast] Error 2


Source file was:
int main() { return 0; }
Performing C++ SOURCE FILE Test HAVE_CXX_FLAG_WD654 failed with the following output:
Change Dir: /home/user/Desktop/llvm-project/build/CMakeFiles/CMakeTmp

Run Build Command(s):/usr/bin/make cmTC_dc31e/fast && /usr/bin/make -f CMakeFiles/cmTC_dc31e.dir/build.make CMakeFiles/cmTC_dc31e.dir/build
make[1]: Entering directory '/home/user/Desktop/llvm-project/build/CMakeFiles/CMakeTmp'
Building CXX object CMakeFiles/cmTC_dc31e.dir/src.cxx.o
/usr/bin/c++    -fPIC -fno-semantic-interposition -fvisibility-inlines-hidden -Werror=date-time -Wall -Wextra -Wno-unused-parameter -Wwrite-strings -Wcast-qual -Wno-missing-field-initializers -pedantic -Wno-long-long -Wimplicit-fallthrough -Wno-maybe-uninitialized -Wno-class-memaccess -Wno-redundant-move -Wno-pessimizing-move -Wno-noexcept-type -Wdelete-non-virtual-dtor -Wsuggest-override -Wno-comment -Wno-misleading-indentation -ffunction-sections -fdata-sections  -std=c++11  -Wall  -Wextra  -Wshadow  -Wsuggest-override  -pedantic  -pedantic-errors  -fstrict-aliasing  -Wno-deprecated-declarations  -fno-exceptions  -Wstrict-aliasing -DHAVE_CXX_FLAG_WD654  -wd654 -O3 -DNDEBUG   -wd654 -std=c++17 -o CMakeFiles/cmTC_dc31e.dir/src.cxx.o -c /home/user/Desktop/llvm-project/build/CMakeFiles/CMakeTmp/src.cxx
c++: error: unrecognized command line option '-wd654'
c++: error: unrecognized command line option '-wd654'
make[1]: *** [CMakeFiles/cmTC_dc31e.dir/build.make:66: CMakeFiles/cmTC_dc31e.dir/src.cxx.o] Error 1
make[1]: Leaving directory '/home/user/Desktop/llvm-project/build/CMakeFiles/CMakeTmp'
make: *** [Makefile:121: cmTC_dc31e/fast] Error 2


Source file was:
int main() { return 0; }
Performing C++ SOURCE FILE Test HAVE_CXX_FLAG_WTHREAD_SAFETY failed with the following output:
Change Dir: /home/user/Desktop/llvm-project/build/CMakeFiles/CMakeTmp

Run Build Command(s):/usr/bin/make cmTC_08057/fast && /usr/bin/make -f CMakeFiles/cmTC_08057.dir/build.make CMakeFiles/cmTC_08057.dir/build
make[1]: Entering directory '/home/user/Desktop/llvm-project/build/CMakeFiles/CMakeTmp'
Building CXX object CMakeFiles/cmTC_08057.dir/src.cxx.o
/usr/bin/c++    -fPIC -fno-semantic-interposition -fvisibility-inlines-hidden -Werror=date-time -Wall -Wextra -Wno-unused-parameter -Wwrite-strings -Wcast-qual -Wno-missing-field-initializers -pedantic -Wno-long-long -Wimplicit-fallthrough -Wno-maybe-uninitialized -Wno-class-memaccess -Wno-redundant-move -Wno-pessimizing-move -Wno-noexcept-type -Wdelete-non-virtual-dtor -Wsuggest-override -Wno-comment -Wno-misleading-indentation -ffunction-sections -fdata-sections  -std=c++11  -Wall  -Wextra  -Wshadow  -Wsuggest-override  -pedantic  -pedantic-errors  -fstrict-aliasing  -Wno-deprecated-declarations  -fno-exceptions  -Wstrict-aliasing -DHAVE_CXX_FLAG_WTHREAD_SAFETY  -Wthread-safety -O3 -DNDEBUG   -Wthread-safety -std=c++17 -o CMakeFiles/cmTC_08057.dir/src.cxx.o -c /home/user/Desktop/llvm-project/build/CMakeFiles/CMakeTmp/src.cxx
c++: error: unrecognized command line option '-Wthread-safety'
c++: error: unrecognized command line option '-Wthread-safety'
make[1]: *** [CMakeFiles/cmTC_08057.dir/build.make:66: CMakeFiles/cmTC_08057.dir/src.cxx.o] Error 1
make[1]: Leaving directory '/home/user/Desktop/llvm-project/build/CMakeFiles/CMakeTmp'
make: *** [Makefile:121: cmTC_08057/fast] Error 2


Source file was:
int main() { return 0; }
Determining if the include file malloc/malloc.h exists failed with the following output:
Change Dir: /home/user/Desktop/KK-projekat/llvm-project/build/CMakeFiles/CMakeTmp

Run Build Command(s):/usr/bin/make cmTC_1a66c/fast && /usr/bin/make -f CMakeFiles/cmTC_1a66c.dir/build.make CMakeFiles/cmTC_1a66c.dir/build
make[1]: Entering directory '/home/user/Desktop/KK-projekat/llvm-project/build/CMakeFiles/CMakeTmp'
Building C object CMakeFiles/cmTC_1a66c.dir/CheckIncludeFile.c.o
/usr/bin/cc   -O3 -DNDEBUG   -o CMakeFiles/cmTC_1a66c.dir/CheckIncludeFile.c.o   -c /home/user/Desktop/KK-projekat/llvm-project/build/CMakeFiles/CMakeTmp/CheckIncludeFile.c
/home/user/Desktop/KK-projekat/llvm-project/build/CMakeFiles/CMakeTmp/CheckIncludeFile.c:1:10: fatal error: malloc/malloc.h: No such file or directory
    1 | #include <malloc/malloc.h>
      |          ^~~~~~~~~~~~~~~~~
compilation terminated.
make[1]: *** [CMakeFiles/cmTC_1a66c.dir/build.make:66: CMakeFiles/cmTC_1a66c.dir/CheckIncludeFile.c.o] Error 1
make[1]: Leaving directory '/home/user/Desktop/KK-projekat/llvm-project/build/CMakeFiles/CMakeTmp'
make: *** [Makefile:121: cmTC_1a66c/fast] Error 2



Determining if the include file mach/mach.h exists failed with the following output:
Change Dir: /home/user/Desktop/KK-projekat/llvm-project/build/CMakeFiles/CMakeTmp

Run Build Command(s):/usr/bin/make cmTC_659ef/fast && /usr/bin/make -f CMakeFiles/cmTC_659ef.dir/build.make CMakeFiles/cmTC_659ef.dir/build
make[1]: Entering directory '/home/user/Desktop/KK-projekat/llvm-project/build/CMakeFiles/CMakeTmp'
Building C object CMakeFiles/cmTC_659ef.dir/CheckIncludeFile.c.o
/usr/bin/cc   -O3 -DNDEBUG   -o CMakeFiles/cmTC_659ef.dir/CheckIncludeFile.c.o   -c /home/user/Desktop/KK-projekat/llvm-project/build/CMakeFiles/CMakeTmp/CheckIncludeFile.c
/home/user/Desktop/KK-projekat/llvm-project/build/CMakeFiles/CMakeTmp/CheckIncludeFile.c:1:10: fatal error: mach/mach.h: No such file or directory
    1 | #include <mach/mach.h>
      |          ^~~~~~~~~~~~~
compilation terminated.
make[1]: *** [CMakeFiles/cmTC_659ef.dir/build.make:66: CMakeFiles/cmTC_659ef.dir/CheckIncludeFile.c.o] Error 1
make[1]: Leaving directory '/home/user/Desktop/KK-projekat/llvm-project/build/CMakeFiles/CMakeTmp'
make: *** [Makefile:121: cmTC_659ef/fast] Error 2



Determining if the include file CrashReporterClient.h exists failed with the following output:
Change Dir: /home/user/Desktop/KK-projekat/llvm-project/build/CMakeFiles/CMakeTmp

Run Build Command(s):/usr/bin/make cmTC_040e4/fast && /usr/bin/make -f CMakeFiles/cmTC_040e4.dir/build.make CMakeFiles/cmTC_040e4.dir/build
make[1]: Entering directory '/home/user/Desktop/KK-projekat/llvm-project/build/CMakeFiles/CMakeTmp'
Building C object CMakeFiles/cmTC_040e4.dir/CheckIncludeFile.c.o
/usr/bin/cc   -O3 -DNDEBUG   -o CMakeFiles/cmTC_040e4.dir/CheckIncludeFile.c.o   -c /home/user/Desktop/KK-projekat/llvm-project/build/CMakeFiles/CMakeTmp/CheckIncludeFile.c
/home/user/Desktop/KK-projekat/llvm-project/build/CMakeFiles/CMakeTmp/CheckIncludeFile.c:1:10: fatal error: CrashReporterClient.h: No such file or directory
    1 | #include <CrashReporterClient.h>
      |          ^~~~~~~~~~~~~~~~~~~~~~~
compilation terminated.
make[1]: *** [CMakeFiles/cmTC_040e4.dir/build.make:66: CMakeFiles/cmTC_040e4.dir/CheckIncludeFile.c.o] Error 1
make[1]: Leaving directory '/home/user/Desktop/KK-projekat/llvm-project/build/CMakeFiles/CMakeTmp'
make: *** [Makefile:121: cmTC_040e4/fast] Error 2



Determining if the function pfm_initialize exists in the pfm failed with the following output:
Change Dir: /home/user/Desktop/KK-projekat/llvm-project/build/CMakeFiles/CMakeTmp

Run Build Command(s):/usr/bin/make cmTC_7e019/fast && /usr/bin/make -f CMakeFiles/cmTC_7e019.dir/build.make CMakeFiles/cmTC_7e019.dir/build
make[1]: Entering directory '/home/user/Desktop/KK-projekat/llvm-project/build/CMakeFiles/CMakeTmp'
Building C object CMakeFiles/cmTC_7e019.dir/CheckFunctionExists.c.o
/usr/bin/cc   -DCHECK_FUNCTION_EXISTS=pfm_initialize -O3 -DNDEBUG   -o CMakeFiles/cmTC_7e019.dir/CheckFunctionExists.c.o   -c /usr/share/cmake-3.16/Modules/CheckFunctionExists.c
Linking C executable cmTC_7e019
/usr/bin/cmake -E cmake_link_script CMakeFiles/cmTC_7e019.dir/link.txt --verbose=1
/usr/bin/cc  -DCHECK_FUNCTION_EXISTS=pfm_initialize -O3 -DNDEBUG    CMakeFiles/cmTC_7e019.dir/CheckFunctionExists.c.o  -o cmTC_7e019  -lpfm -lm 
/usr/bin/ld: cannot find -lpfm
collect2: error: ld returned 1 exit status
make[1]: *** [CMakeFiles/cmTC_7e019.dir/build.make:87: cmTC_7e019] Error 1
make[1]: Leaving directory '/home/user/Desktop/KK-projekat/llvm-project/build/CMakeFiles/CMakeTmp'
make: *** [Makefile:121: cmTC_7e019/fast] Error 2



Performing C SOURCE FILE Test CMAKE_HAVE_LIBC_PTHREAD failed with the following output:
Change Dir: /home/user/Desktop/KK-projekat/llvm-project/build/CMakeFiles/CMakeTmp

Run Build Command(s):/usr/bin/make cmTC_cea6c/fast && /usr/bin/make -f CMakeFiles/cmTC_cea6c.dir/build.make CMakeFiles/cmTC_cea6c.dir/build
make[1]: Entering directory '/home/user/Desktop/KK-projekat/llvm-project/build/CMakeFiles/CMakeTmp'
Building C object CMakeFiles/cmTC_cea6c.dir/src.c.o
/usr/bin/cc   -DCMAKE_HAVE_LIBC_PTHREAD -O3 -DNDEBUG   -o CMakeFiles/cmTC_cea6c.dir/src.c.o   -c /home/user/Desktop/KK-projekat/llvm-project/build/CMakeFiles/CMakeTmp/src.c
Linking C executable cmTC_cea6c
/usr/bin/cmake -E cmake_link_script CMakeFiles/cmTC_cea6c.dir/link.txt --verbose=1
/usr/bin/cc  -DCMAKE_HAVE_LIBC_PTHREAD -O3 -DNDEBUG    CMakeFiles/cmTC_cea6c.dir/src.c.o  -o cmTC_cea6c  -lm 
/usr/bin/ld: CMakeFiles/cmTC_cea6c.dir/src.c.o: in function `main':
src.c:(.text.startup+0x29): undefined reference to `pthread_create'
/usr/bin/ld: src.c:(.text.startup+0x32): undefined reference to `pthread_detach'
/usr/bin/ld: src.c:(.text.startup+0x3d): undefined reference to `pthread_join'
collect2: error: ld returned 1 exit status
make[1]: *** [CMakeFiles/cmTC_cea6c.dir/build.make:87: cmTC_cea6c] Error 1
make[1]: Leaving directory '/home/user/Desktop/KK-projekat/llvm-project/build/CMakeFiles/CMakeTmp'
make: *** [Makefile:121: cmTC_cea6c/fast] Error 2


Source file was:
#include <pthread.h>

void* test_func(void* data)
{
  return data;
}

int main(void)
{
  pthread_t thread;
  pthread_create(&thread, NULL, test_func, NULL);
  pthread_detach(thread);
  pthread_join(thread, NULL);
  pthread_atfork(NULL, NULL, NULL);
  pthread_exit(NULL);

  return 0;
}

Determining if the function pthread_create exists in the pthreads failed with the following output:
Change Dir: /home/user/Desktop/KK-projekat/llvm-project/build/CMakeFiles/CMakeTmp

Run Build Command(s):/usr/bin/make cmTC_a68e4/fast && /usr/bin/make -f CMakeFiles/cmTC_a68e4.dir/build.make CMakeFiles/cmTC_a68e4.dir/build
make[1]: Entering directory '/home/user/Desktop/KK-projekat/llvm-project/build/CMakeFiles/CMakeTmp'
Building C object CMakeFiles/cmTC_a68e4.dir/CheckFunctionExists.c.o
/usr/bin/cc   -DCHECK_FUNCTION_EXISTS=pthread_create -O3 -DNDEBUG   -o CMakeFiles/cmTC_a68e4.dir/CheckFunctionExists.c.o   -c /usr/share/cmake-3.16/Modules/CheckFunctionExists.c
Linking C executable cmTC_a68e4
/usr/bin/cmake -E cmake_link_script CMakeFiles/cmTC_a68e4.dir/link.txt --verbose=1
/usr/bin/cc  -DCHECK_FUNCTION_EXISTS=pthread_create -O3 -DNDEBUG    CMakeFiles/cmTC_a68e4.dir/CheckFunctionExists.c.o  -o cmTC_a68e4  -lpthreads -lm 
/usr/bin/ld: cannot find -lpthreads
collect2: error: ld returned 1 exit status
make[1]: *** [CMakeFiles/cmTC_a68e4.dir/build.make:87: cmTC_a68e4] Error 1
make[1]: Leaving directory '/home/user/Desktop/KK-projekat/llvm-project/build/CMakeFiles/CMakeTmp'
make: *** [Makefile:121: cmTC_a68e4/fast] Error 2



Determining if the function xar_open exists in the xar failed with the following output:
Change Dir: /home/user/Desktop/KK-projekat/llvm-project/build/CMakeFiles/CMakeTmp

Run Build Command(s):/usr/bin/make cmTC_f0547/fast && /usr/bin/make -f CMakeFiles/cmTC_f0547.dir/build.make CMakeFiles/cmTC_f0547.dir/build
make[1]: Entering directory '/home/user/Desktop/KK-projekat/llvm-project/build/CMakeFiles/CMakeTmp'
Building C object CMakeFiles/cmTC_f0547.dir/CheckFunctionExists.c.o
/usr/bin/cc   -DCHECK_FUNCTION_EXISTS=xar_open -O3 -DNDEBUG   -o CMakeFiles/cmTC_f0547.dir/CheckFunctionExists.c.o   -c /usr/share/cmake-3.16/Modules/CheckFunctionExists.c
Linking C executable cmTC_f0547
/usr/bin/cmake -E cmake_link_script CMakeFiles/cmTC_f0547.dir/link.txt --verbose=1
/usr/bin/cc  -DCHECK_FUNCTION_EXISTS=xar_open -O3 -DNDEBUG    CMakeFiles/cmTC_f0547.dir/CheckFunctionExists.c.o  -o cmTC_f0547  -lxar -lm 
/usr/bin/ld: cannot find -lxar
collect2: error: ld returned 1 exit status
make[1]: *** [CMakeFiles/cmTC_f0547.dir/build.make:87: cmTC_f0547] Error 1
make[1]: Leaving directory '/home/user/Desktop/KK-projekat/llvm-project/build/CMakeFiles/CMakeTmp'
make: *** [Makefile:121: cmTC_f0547/fast] Error 2



Determining if the arc4random exist failed with the following output:
Change Dir: /home/user/Desktop/KK-projekat/llvm-project/build/CMakeFiles/CMakeTmp

Run Build Command(s):/usr/bin/make cmTC_4392f/fast && /usr/bin/make -f CMakeFiles/cmTC_4392f.dir/build.make CMakeFiles/cmTC_4392f.dir/build
make[1]: Entering directory '/home/user/Desktop/KK-projekat/llvm-project/build/CMakeFiles/CMakeTmp'
Building C object CMakeFiles/cmTC_4392f.dir/CheckSymbolExists.c.o
/usr/bin/cc   -O3 -DNDEBUG   -o CMakeFiles/cmTC_4392f.dir/CheckSymbolExists.c.o   -c /home/user/Desktop/KK-projekat/llvm-project/build/CMakeFiles/CMakeTmp/CheckSymbolExists.c
/home/user/Desktop/KK-projekat/llvm-project/build/CMakeFiles/CMakeTmp/CheckSymbolExists.c: In function ‘main’:
/home/user/Desktop/KK-projekat/llvm-project/build/CMakeFiles/CMakeTmp/CheckSymbolExists.c:8:19: error: ‘arc4random’ undeclared (first use in this function); did you mean ‘srandom’?
    8 |   return ((int*)(&arc4random))[argc];
      |                   ^~~~~~~~~~
      |                   srandom
/home/user/Desktop/KK-projekat/llvm-project/build/CMakeFiles/CMakeTmp/CheckSymbolExists.c:8:19: note: each undeclared identifier is reported only once for each function it appears in
make[1]: *** [CMakeFiles/cmTC_4392f.dir/build.make:66: CMakeFiles/cmTC_4392f.dir/CheckSymbolExists.c.o] Error 1
make[1]: Leaving directory '/home/user/Desktop/KK-projekat/llvm-project/build/CMakeFiles/CMakeTmp'
make: *** [Makefile:121: cmTC_4392f/fast] Error 2


File /home/user/Desktop/KK-projekat/llvm-project/build/CMakeFiles/CMakeTmp/CheckSymbolExists.c:
/* */
#include <stdlib.h>

int main(int argc, char** argv)
{
  (void)argv;
#ifndef arc4random
  return ((int*)(&arc4random))[argc];
#else
  (void)argc;
  return 0;
#endif
}
Performing C SOURCE FILE Test C_SUPPORTS_WERROR_UNGUARDED_AVAILABILITY_NEW failed with the following output:
Change Dir: /home/user/Desktop/KK-projekat/llvm-project/build/CMakeFiles/CMakeTmp

Run Build Command(s):/usr/bin/make cmTC_b0eb1/fast && /usr/bin/make -f CMakeFiles/cmTC_b0eb1.dir/build.make CMakeFiles/cmTC_b0eb1.dir/build
make[1]: Entering directory '/home/user/Desktop/KK-projekat/llvm-project/build/CMakeFiles/CMakeTmp'
Building C object CMakeFiles/cmTC_b0eb1.dir/src.c.o
/usr/bin/cc   -DC_SUPPORTS_WERROR_UNGUARDED_AVAILABILITY_NEW -O3 -DNDEBUG   -Werror=unguarded-availability-new -o CMakeFiles/cmTC_b0eb1.dir/src.c.o   -c /home/user/Desktop/KK-projekat/llvm-project/build/CMakeFiles/CMakeTmp/src.c
cc1: error: '-Werror=unguarded-availability-new': no option -Wunguarded-availability-new
make[1]: *** [CMakeFiles/cmTC_b0eb1.dir/build.make:66: CMakeFiles/cmTC_b0eb1.dir/src.c.o] Error 1
make[1]: Leaving directory '/home/user/Desktop/KK-projekat/llvm-project/build/CMakeFiles/CMakeTmp'
make: *** [Makefile:121: cmTC_b0eb1/fast] Error 2


Source file was:
int main(void) { return 0; }
Determining if the __unw_add_dynamic_fde exist failed with the following output:
Change Dir: /home/user/Desktop/KK-projekat/llvm-project/build/CMakeFiles/CMakeTmp

Run Build Command(s):/usr/bin/make cmTC_e3b4b/fast && /usr/bin/make -f CMakeFiles/cmTC_e3b4b.dir/build.make CMakeFiles/cmTC_e3b4b.dir/build
make[1]: Entering directory '/home/user/Desktop/KK-projekat/llvm-project/build/CMakeFiles/CMakeTmp'
Building C object CMakeFiles/cmTC_e3b4b.dir/CheckSymbolExists.c.o
/usr/bin/cc   -O3 -DNDEBUG   -o CMakeFiles/cmTC_e3b4b.dir/CheckSymbolExists.c.o   -c /home/user/Desktop/KK-projekat/llvm-project/build/CMakeFiles/CMakeTmp/CheckSymbolExists.c
Linking C executable cmTC_e3b4b
/usr/bin/cmake -E cmake_link_script CMakeFiles/cmTC_e3b4b.dir/link.txt --verbose=1
/usr/bin/cc   -O3 -DNDEBUG    CMakeFiles/cmTC_e3b4b.dir/CheckSymbolExists.c.o  -o cmTC_e3b4b  -lm 
/usr/bin/ld: CMakeFiles/cmTC_e3b4b.dir/CheckSymbolExists.c.o: in function `main':
CheckSymbolExists.c:(.text.startup+0x7): undefined reference to `__unw_add_dynamic_fde'
collect2: error: ld returned 1 exit status
make[1]: *** [CMakeFiles/cmTC_e3b4b.dir/build.make:87: cmTC_e3b4b] Error 1
make[1]: Leaving directory '/home/user/Desktop/KK-projekat/llvm-project/build/CMakeFiles/CMakeTmp'
make: *** [Makefile:121: cmTC_e3b4b/fast] Error 2


File /home/user/Desktop/KK-projekat/llvm-project/build/CMakeFiles/CMakeTmp/CheckSymbolExists.c:
/* */
#include </home/user/Desktop/KK-projekat/llvm-project/llvm/cmake/unwind.h>

int main(int argc, char** argv)
{
  (void)argv;
#ifndef __unw_add_dynamic_fde
  return ((int*)(&__unw_add_dynamic_fde))[argc];
#else
  (void)argc;
  return 0;
#endif
}
Determining if the mallctl exist failed with the following output:
Change Dir: /home/user/Desktop/KK-projekat/llvm-project/build/CMakeFiles/CMakeTmp

Run Build Command(s):/usr/bin/make cmTC_674fa/fast && /usr/bin/make -f CMakeFiles/cmTC_674fa.dir/build.make CMakeFiles/cmTC_674fa.dir/build
make[1]: Entering directory '/home/user/Desktop/KK-projekat/llvm-project/build/CMakeFiles/CMakeTmp'
Building C object CMakeFiles/cmTC_674fa.dir/CheckSymbolExists.c.o
/usr/bin/cc   -O3 -DNDEBUG   -o CMakeFiles/cmTC_674fa.dir/CheckSymbolExists.c.o   -c /home/user/Desktop/KK-projekat/llvm-project/build/CMakeFiles/CMakeTmp/CheckSymbolExists.c
/home/user/Desktop/KK-projekat/llvm-project/build/CMakeFiles/CMakeTmp/CheckSymbolExists.c:2:10: fatal error: malloc_np.h: No such file or directory
    2 | #include <malloc_np.h>
      |          ^~~~~~~~~~~~~
compilation terminated.
make[1]: *** [CMakeFiles/cmTC_674fa.dir/build.make:66: CMakeFiles/cmTC_674fa.dir/CheckSymbolExists.c.o] Error 1
make[1]: Leaving directory '/home/user/Desktop/KK-projekat/llvm-project/build/CMakeFiles/CMakeTmp'
make: *** [Makefile:121: cmTC_674fa/fast] Error 2


File /home/user/Desktop/KK-projekat/llvm-project/build/CMakeFiles/CMakeTmp/CheckSymbolExists.c:
/* */
#include <malloc_np.h>

int main(int argc, char** argv)
{
  (void)argv;
#ifndef mallctl
  return ((int*)(&mallctl))[argc];
#else
  (void)argc;
  return 0;
#endif
}
Determining if the mallinfo2 exist failed with the following output:
Change Dir: /home/user/Desktop/KK-projekat/llvm-project/build/CMakeFiles/CMakeTmp

Run Build Command(s):/usr/bin/make cmTC_99d65/fast && /usr/bin/make -f CMakeFiles/cmTC_99d65.dir/build.make CMakeFiles/cmTC_99d65.dir/build
make[1]: Entering directory '/home/user/Desktop/KK-projekat/llvm-project/build/CMakeFiles/CMakeTmp'
Building C object CMakeFiles/cmTC_99d65.dir/CheckSymbolExists.c.o
/usr/bin/cc   -O3 -DNDEBUG   -o CMakeFiles/cmTC_99d65.dir/CheckSymbolExists.c.o   -c /home/user/Desktop/KK-projekat/llvm-project/build/CMakeFiles/CMakeTmp/CheckSymbolExists.c
/home/user/Desktop/KK-projekat/llvm-project/build/CMakeFiles/CMakeTmp/CheckSymbolExists.c: In function ‘main’:
/home/user/Desktop/KK-projekat/llvm-project/build/CMakeFiles/CMakeTmp/CheckSymbolExists.c:8:19: error: ‘mallinfo2’ undeclared (first use in this function); did you mean ‘mallinfo’?
    8 |   return ((int*)(&mallinfo2))[argc];
      |                   ^~~~~~~~~
      |                   mallinfo
/home/user/Desktop/KK-projekat/llvm-project/build/CMakeFiles/CMakeTmp/CheckSymbolExists.c:8:19: note: each undeclared identifier is reported only once for each function it appears in
make[1]: *** [CMakeFiles/cmTC_99d65.dir/build.make:66: CMakeFiles/cmTC_99d65.dir/CheckSymbolExists.c.o] Error 1
make[1]: Leaving directory '/home/user/Desktop/KK-projekat/llvm-project/build/CMakeFiles/CMakeTmp'
make: *** [Makefile:121: cmTC_99d65/fast] Error 2


File /home/user/Desktop/KK-projekat/llvm-project/build/CMakeFiles/CMakeTmp/CheckSymbolExists.c:
/* */
#include <malloc.h>

int main(int argc, char** argv)
{
  (void)argv;
#ifndef mallinfo2
  return ((int*)(&mallinfo2))[argc];
#else
  (void)argc;
  return 0;
#endif
}
Determining if the malloc_zone_statistics exist failed with the following output:
Change Dir: /home/user/Desktop/KK-projekat/llvm-project/build/CMakeFiles/CMakeTmp

Run Build Command(s):/usr/bin/make cmTC_8851c/fast && /usr/bin/make -f CMakeFiles/cmTC_8851c.dir/build.make CMakeFiles/cmTC_8851c.dir/build
make[1]: Entering directory '/home/user/Desktop/KK-projekat/llvm-project/build/CMakeFiles/CMakeTmp'
Building C object CMakeFiles/cmTC_8851c.dir/CheckSymbolExists.c.o
/usr/bin/cc   -O3 -DNDEBUG   -o CMakeFiles/cmTC_8851c.dir/CheckSymbolExists.c.o   -c /home/user/Desktop/KK-projekat/llvm-project/build/CMakeFiles/CMakeTmp/CheckSymbolExists.c
/home/user/Desktop/KK-projekat/llvm-project/build/CMakeFiles/CMakeTmp/CheckSymbolExists.c:2:10: fatal error: malloc/malloc.h: No such file or directory
    2 | #include <malloc/malloc.h>
      |          ^~~~~~~~~~~~~~~~~
compilation terminated.
make[1]: *** [CMakeFiles/cmTC_8851c.dir/build.make:66: CMakeFiles/cmTC_8851c.dir/CheckSymbolExists.c.o] Error 1
make[1]: Leaving directory '/home/user/Desktop/KK-projekat/llvm-project/build/CMakeFiles/CMakeTmp'
make: *** [Makefile:121: cmTC_8851c/fast] Error 2


File /home/user/Desktop/KK-projekat/llvm-project/build/CMakeFiles/CMakeTmp/CheckSymbolExists.c:
/* */
#include <malloc/malloc.h>

int main(int argc, char** argv)
{
  (void)argv;
#ifndef malloc_zone_statistics
  return ((int*)(&malloc_zone_statistics))[argc];
#else
  (void)argc;
  return 0;
#endif
}
Determining if the strerror_s exist failed with the following output:
Change Dir: /home/user/Desktop/KK-projekat/llvm-project/build/CMakeFiles/CMakeTmp

Run Build Command(s):/usr/bin/make cmTC_14474/fast && /usr/bin/make -f CMakeFiles/cmTC_14474.dir/build.make CMakeFiles/cmTC_14474.dir/build
make[1]: Entering directory '/home/user/Desktop/KK-projekat/llvm-project/build/CMakeFiles/CMakeTmp'
Building C object CMakeFiles/cmTC_14474.dir/CheckSymbolExists.c.o
/usr/bin/cc   -O3 -DNDEBUG   -o CMakeFiles/cmTC_14474.dir/CheckSymbolExists.c.o   -c /home/user/Desktop/KK-projekat/llvm-project/build/CMakeFiles/CMakeTmp/CheckSymbolExists.c
/home/user/Desktop/KK-projekat/llvm-project/build/CMakeFiles/CMakeTmp/CheckSymbolExists.c: In function ‘main’:
/home/user/Desktop/KK-projekat/llvm-project/build/CMakeFiles/CMakeTmp/CheckSymbolExists.c:8:19: error: ‘strerror_s’ undeclared (first use in this function); did you mean ‘strerror_l’?
    8 |   return ((int*)(&strerror_s))[argc];
      |                   ^~~~~~~~~~
      |                   strerror_l
/home/user/Desktop/KK-projekat/llvm-project/build/CMakeFiles/CMakeTmp/CheckSymbolExists.c:8:19: note: each undeclared identifier is reported only once for each function it appears in
make[1]: *** [CMakeFiles/cmTC_14474.dir/build.make:66: CMakeFiles/cmTC_14474.dir/CheckSymbolExists.c.o] Error 1
make[1]: Leaving directory '/home/user/Desktop/KK-projekat/llvm-project/build/CMakeFiles/CMakeTmp'
make: *** [Makefile:121: cmTC_14474/fast] Error 2


File /home/user/Desktop/KK-projekat/llvm-project/build/CMakeFiles/CMakeTmp/CheckSymbolExists.c:
/* */
#include <string.h>

int main(int argc, char** argv)
{
  (void)argv;
#ifndef strerror_s
  return ((int*)(&strerror_s))[argc];
#else
  (void)argc;
  return 0;
#endif
}
Performing C SOURCE FILE Test HAVE_STRUCT_STAT_ST_MTIMESPEC_TV_NSEC failed with the following output:
Change Dir: /home/user/Desktop/KK-projekat/llvm-project/build/CMakeFiles/CMakeTmp

Run Build Command(s):/usr/bin/make cmTC_61ef7/fast && /usr/bin/make -f CMakeFiles/cmTC_61ef7.dir/build.make CMakeFiles/cmTC_61ef7.dir/build
make[1]: Entering directory '/home/user/Desktop/KK-projekat/llvm-project/build/CMakeFiles/CMakeTmp'
Building C object CMakeFiles/cmTC_61ef7.dir/src.c.o
/usr/bin/cc   -DHAVE_STRUCT_STAT_ST_MTIMESPEC_TV_NSEC -O3 -DNDEBUG   -o CMakeFiles/cmTC_61ef7.dir/src.c.o   -c /home/user/Desktop/KK-projekat/llvm-project/build/CMakeFiles/CMakeTmp/src.c
/home/user/Desktop/KK-projekat/llvm-project/build/CMakeFiles/CMakeTmp/src.c: In function ‘main’:
/home/user/Desktop/KK-projekat/llvm-project/build/CMakeFiles/CMakeTmp/src.c:7:34: error: ‘struct stat’ has no member named ‘st_mtimespec’
    7 |   (void)sizeof(((struct stat *)0)->st_mtimespec.tv_nsec);
      |                                  ^~
make[1]: *** [CMakeFiles/cmTC_61ef7.dir/build.make:66: CMakeFiles/cmTC_61ef7.dir/src.c.o] Error 1
make[1]: Leaving directory '/home/user/Desktop/KK-projekat/llvm-project/build/CMakeFiles/CMakeTmp'
make: *** [Makefile:121: cmTC_61ef7/fast] Error 2


Source file was:

#include <sys/types.h>
#include <sys/stat.h>

int main()
{
  (void)sizeof(((struct stat *)0)->st_mtimespec.tv_nsec);
  return 0;
}

Determining if the proc_pid_rusage exist failed with the following output:
Change Dir: /home/user/Desktop/KK-projekat/llvm-project/build/CMakeFiles/CMakeTmp

Run Build Command(s):/usr/bin/make cmTC_a5ee9/fast && /usr/bin/make -f CMakeFiles/cmTC_a5ee9.dir/build.make CMakeFiles/cmTC_a5ee9.dir/build
make[1]: Entering directory '/home/user/Desktop/KK-projekat/llvm-project/build/CMakeFiles/CMakeTmp'
Building C object CMakeFiles/cmTC_a5ee9.dir/CheckSymbolExists.c.o
/usr/bin/cc -D_GNU_SOURCE  -O3 -DNDEBUG   -o CMakeFiles/cmTC_a5ee9.dir/CheckSymbolExists.c.o   -c /home/user/Desktop/KK-projekat/llvm-project/build/CMakeFiles/CMakeTmp/CheckSymbolExists.c
/home/user/Desktop/KK-projekat/llvm-project/build/CMakeFiles/CMakeTmp/CheckSymbolExists.c:2:10: fatal error: libproc.h: No such file or directory
    2 | #include <libproc.h>
      |          ^~~~~~~~~~~
compilation terminated.
make[1]: *** [CMakeFiles/cmTC_a5ee9.dir/build.make:66: CMakeFiles/cmTC_a5ee9.dir/CheckSymbolExists.c.o] Error 1
make[1]: Leaving directory '/home/user/Desktop/KK-projekat/llvm-project/build/CMakeFiles/CMakeTmp'
make: *** [Makefile:121: cmTC_a5ee9/fast] Error 2


File /home/user/Desktop/KK-projekat/llvm-project/build/CMakeFiles/CMakeTmp/CheckSymbolExists.c:
/* */
#include <libproc.h>

int main(int argc, char** argv)
{
  (void)argv;
#ifndef proc_pid_rusage
  return ((int*)(&proc_pid_rusage))[argc];
#else
  (void)argc;
  return 0;
#endif
}
Performing C++ SOURCE FILE Test SUPPORTS_GNU_ZERO_VARIADIC_MACRO_ARGUMENTS_FLAG failed with the following output:
Change Dir: /home/user/Desktop/KK-projekat/llvm-project/build/CMakeFiles/CMakeTmp

Run Build Command(s):/usr/bin/make cmTC_14690/fast && /usr/bin/make -f CMakeFiles/cmTC_14690.dir/build.make CMakeFiles/cmTC_14690.dir/build
make[1]: Entering directory '/home/user/Desktop/KK-projekat/llvm-project/build/CMakeFiles/CMakeTmp'
Building CXX object CMakeFiles/cmTC_14690.dir/src.cxx.o
/usr/bin/c++    -DSUPPORTS_GNU_ZERO_VARIADIC_MACRO_ARGUMENTS_FLAG -O3 -DNDEBUG   -Wgnu-zero-variadic-macro-arguments -std=c++17 -o CMakeFiles/cmTC_14690.dir/src.cxx.o -c /home/user/Desktop/KK-projekat/llvm-project/build/CMakeFiles/CMakeTmp/src.cxx
c++: error: unrecognized command line option '-Wgnu-zero-variadic-macro-arguments'
make[1]: *** [CMakeFiles/cmTC_14690.dir/build.make:66: CMakeFiles/cmTC_14690.dir/src.cxx.o] Error 1
make[1]: Leaving directory '/home/user/Desktop/KK-projekat/llvm-project/build/CMakeFiles/CMakeTmp'
make: *** [Makefile:121: cmTC_14690/fast] Error 2


Source file was:
int main() { return 0; }
Performing C++ SOURCE FILE Test CXX_SUPPORTS_WERROR_UNGUARDED_AVAILABILITY_NEW failed with the following output:
Change Dir: /home/user/Desktop/KK-projekat/llvm-project/build/CMakeFiles/CMakeTmp

Run Build Command(s):/usr/bin/make cmTC_e6e9f/fast && /usr/bin/make -f CMakeFiles/cmTC_e6e9f.dir/build.make CMakeFiles/cmTC_e6e9f.dir/build
make[1]: Entering directory '/home/user/Desktop/KK-projekat/llvm-project/build/CMakeFiles/CMakeTmp'
Building CXX object CMakeFiles/cmTC_e6e9f.dir/src.cxx.o
/usr/bin/c++    -fPIC -fno-semantic-interposition -fvisibility-inlines-hidden -Werror=date-time -DCXX_SUPPORTS_WERROR_UNGUARDED_AVAILABILITY_NEW -O3 -DNDEBUG   -Werror -Werror=unguarded-availability-new -std=c++17 -o CMakeFiles/cmTC_e6e9f.dir/src.cxx.o -c /home/user/Desktop/KK-projekat/llvm-project/build/CMakeFiles/CMakeTmp/src.cxx
cc1plus: error: '-Werror=unguarded-availability-new': no option -Wunguarded-availability-new
make[1]: *** [CMakeFiles/cmTC_e6e9f.dir/build.make:66: CMakeFiles/cmTC_e6e9f.dir/src.cxx.o] Error 1
make[1]: Leaving directory '/home/user/Desktop/KK-projekat/llvm-project/build/CMakeFiles/CMakeTmp'
make: *** [Makefile:121: cmTC_e6e9f/fast] Error 2


Source file was:
int main() { return 0; }
Performing C SOURCE FILE Test C_SUPPORTS_CXX98_COMPAT_EXTRA_SEMI_FLAG failed with the following output:
Change Dir: /home/user/Desktop/KK-projekat/llvm-project/build/CMakeFiles/CMakeTmp

Run Build Command(s):/usr/bin/make cmTC_8ff29/fast && /usr/bin/make -f CMakeFiles/cmTC_8ff29.dir/build.make CMakeFiles/cmTC_8ff29.dir/build
make[1]: Entering directory '/home/user/Desktop/KK-projekat/llvm-project/build/CMakeFiles/CMakeTmp'
Building C object CMakeFiles/cmTC_8ff29.dir/src.c.o
/usr/bin/cc   -fPIC -fno-semantic-interposition -Werror=date-time -Wall -Wextra -Wno-unused-parameter -Wwrite-strings -Wno-missing-field-initializers -pedantic -Wno-long-long -DC_SUPPORTS_CXX98_COMPAT_EXTRA_SEMI_FLAG -O3 -DNDEBUG   -Werror -Wc++98-compat-extra-semi -o CMakeFiles/cmTC_8ff29.dir/src.c.o   -c /home/user/Desktop/KK-projekat/llvm-project/build/CMakeFiles/CMakeTmp/src.c
cc: error: unrecognized command line option '-Wc++98-compat-extra-semi'
make[1]: *** [CMakeFiles/cmTC_8ff29.dir/build.make:66: CMakeFiles/cmTC_8ff29.dir/src.c.o] Error 1
make[1]: Leaving directory '/home/user/Desktop/KK-projekat/llvm-project/build/CMakeFiles/CMakeTmp'
make: *** [Makefile:121: cmTC_8ff29/fast] Error 2


Source file was:
int main(void) { return 0; }
Performing C++ SOURCE FILE Test CXX_SUPPORTS_CXX98_COMPAT_EXTRA_SEMI_FLAG failed with the following output:
Change Dir: /home/user/Desktop/KK-projekat/llvm-project/build/CMakeFiles/CMakeTmp

Run Build Command(s):/usr/bin/make cmTC_a5b0b/fast && /usr/bin/make -f CMakeFiles/cmTC_a5b0b.dir/build.make CMakeFiles/cmTC_a5b0b.dir/build
make[1]: Entering directory '/home/user/Desktop/KK-projekat/llvm-project/build/CMakeFiles/CMakeTmp'
Building CXX object CMakeFiles/cmTC_a5b0b.dir/src.cxx.o
/usr/bin/c++    -fPIC -fno-semantic-interposition -fvisibility-inlines-hidden -Werror=date-time -Wall -Wextra -Wno-unused-parameter -Wwrite-strings -Wcast-qual -Wno-missing-field-initializers -pedantic -Wno-long-long -DCXX_SUPPORTS_CXX98_COMPAT_EXTRA_SEMI_FLAG -O3 -DNDEBUG   -Werror -Wc++98-compat-extra-semi -std=c++17 -o CMakeFiles/cmTC_a5b0b.dir/src.cxx.o -c /home/user/Desktop/KK-projekat/llvm-project/build/CMakeFiles/CMakeTmp/src.cxx
c++: error: unrecognized command line option '-Wc++98-compat-extra-semi'
make[1]: *** [CMakeFiles/cmTC_a5b0b.dir/build.make:66: CMakeFiles/cmTC_a5b0b.dir/src.cxx.o] Error 1
make[1]: Leaving directory '/home/user/Desktop/KK-projekat/llvm-project/build/CMakeFiles/CMakeTmp'
make: *** [Makefile:121: cmTC_a5b0b/fast] Error 2


Source file was:
int main() { return 0; }
Performing C SOURCE FILE Test C_SUPPORTS_COVERED_SWITCH_DEFAULT_FLAG failed with the following output:
Change Dir: /home/user/Desktop/KK-projekat/llvm-project/build/CMakeFiles/CMakeTmp

Run Build Command(s):/usr/bin/make cmTC_bb94b/fast && /usr/bin/make -f CMakeFiles/cmTC_bb94b.dir/build.make CMakeFiles/cmTC_bb94b.dir/build
make[1]: Entering directory '/home/user/Desktop/KK-projekat/llvm-project/build/CMakeFiles/CMakeTmp'
Building C object CMakeFiles/cmTC_bb94b.dir/src.c.o
/usr/bin/cc   -fPIC -fno-semantic-interposition -Werror=date-time -Wall -Wextra -Wno-unused-parameter -Wwrite-strings -Wno-missing-field-initializers -pedantic -Wno-long-long -Wimplicit-fallthrough -DC_SUPPORTS_COVERED_SWITCH_DEFAULT_FLAG -O3 -DNDEBUG   -Werror -Wcovered-switch-default -o CMakeFiles/cmTC_bb94b.dir/src.c.o   -c /home/user/Desktop/KK-projekat/llvm-project/build/CMakeFiles/CMakeTmp/src.c
cc: error: unrecognized command line option '-Wcovered-switch-default'; did you mean '-Wno-switch-default'?
make[1]: *** [CMakeFiles/cmTC_bb94b.dir/build.make:66: CMakeFiles/cmTC_bb94b.dir/src.c.o] Error 1
make[1]: Leaving directory '/home/user/Desktop/KK-projekat/llvm-project/build/CMakeFiles/CMakeTmp'
make: *** [Makefile:121: cmTC_bb94b/fast] Error 2


Source file was:
int main(void) { return 0; }
Performing C++ SOURCE FILE Test CXX_SUPPORTS_COVERED_SWITCH_DEFAULT_FLAG failed with the following output:
Change Dir: /home/user/Desktop/KK-projekat/llvm-project/build/CMakeFiles/CMakeTmp

Run Build Command(s):/usr/bin/make cmTC_f34d4/fast && /usr/bin/make -f CMakeFiles/cmTC_f34d4.dir/build.make CMakeFiles/cmTC_f34d4.dir/build
make[1]: Entering directory '/home/user/Desktop/KK-projekat/llvm-project/build/CMakeFiles/CMakeTmp'
Building CXX object CMakeFiles/cmTC_f34d4.dir/src.cxx.o
/usr/bin/c++    -fPIC -fno-semantic-interposition -fvisibility-inlines-hidden -Werror=date-time -Wall -Wextra -Wno-unused-parameter -Wwrite-strings -Wcast-qual -Wno-missing-field-initializers -pedantic -Wno-long-long -Wimplicit-fallthrough -DCXX_SUPPORTS_COVERED_SWITCH_DEFAULT_FLAG -O3 -DNDEBUG   -Werror -Wcovered-switch-default -std=c++17 -o CMakeFiles/cmTC_f34d4.dir/src.cxx.o -c /home/user/Desktop/KK-projekat/llvm-project/build/CMakeFiles/CMakeTmp/src.cxx
c++: error: unrecognized command line option '-Wcovered-switch-default'; did you mean '-Wno-switch-default'?
make[1]: *** [CMakeFiles/cmTC_f34d4.dir/build.make:66: CMakeFiles/cmTC_f34d4.dir/src.cxx.o] Error 1
make[1]: Leaving directory '/home/user/Desktop/KK-projekat/llvm-project/build/CMakeFiles/CMakeTmp'
make: *** [Makefile:121: cmTC_f34d4/fast] Error 2


Source file was:
int main() { return 0; }
Performing C++ SOURCE FILE Test CXX_WONT_WARN_ON_FINAL_NONVIRTUALDTOR failed with the following output:
Change Dir: /home/user/Desktop/KK-projekat/llvm-project/build/CMakeFiles/CMakeTmp

Run Build Command(s):/usr/bin/make cmTC_4a284/fast && /usr/bin/make -f CMakeFiles/cmTC_4a284.dir/build.make CMakeFiles/cmTC_4a284.dir/build
make[1]: Entering directory '/home/user/Desktop/KK-projekat/llvm-project/build/CMakeFiles/CMakeTmp'
Building CXX object CMakeFiles/cmTC_4a284.dir/src.cxx.o
/usr/bin/c++  -D_GNU_SOURCE  -fPIC -fno-semantic-interposition -fvisibility-inlines-hidden -Werror=date-time -Wall -Wextra -Wno-unused-parameter -Wwrite-strings -Wcast-qual -Wno-missing-field-initializers -pedantic -Wno-long-long -Wimplicit-fallthrough -Wno-maybe-uninitialized -Wno-class-memaccess -Wno-redundant-move -Wno-pessimizing-move -Wno-noexcept-type -DCXX_WONT_WARN_ON_FINAL_NONVIRTUALDTOR  -Werror=non-virtual-dtor -O3 -DNDEBUG   -std=c++17 -o CMakeFiles/cmTC_4a284.dir/src.cxx.o -c /home/user/Desktop/KK-projekat/llvm-project/build/CMakeFiles/CMakeTmp/src.cxx
/home/user/Desktop/KK-projekat/llvm-project/build/CMakeFiles/CMakeTmp/src.cxx:2:36: error: ‘class base’ has virtual functions and accessible non-virtual destructor [-Werror=non-virtual-dtor]
    2 |                              class base {friend f; public: virtual void anchor();protected: ~base();};
      |                                    ^~~~
cc1plus: some warnings being treated as errors
make[1]: *** [CMakeFiles/cmTC_4a284.dir/build.make:66: CMakeFiles/cmTC_4a284.dir/src.cxx.o] Error 1
make[1]: Leaving directory '/home/user/Desktop/KK-projekat/llvm-project/build/CMakeFiles/CMakeTmp'
make: *** [Makefile:121: cmTC_4a284/fast] Error 2


Source file was:
class f {};
                             class base {friend f; public: virtual void anchor();protected: ~base();};
                             int main() { return 0; }
Performing C SOURCE FILE Test C_WCOMMENT_ALLOWS_LINE_WRAP failed with the following output:
Change Dir: /home/user/Desktop/KK-projekat/llvm-project/build/CMakeFiles/CMakeTmp

Run Build Command(s):/usr/bin/make cmTC_0d7ae/fast && /usr/bin/make -f CMakeFiles/cmTC_0d7ae.dir/build.make CMakeFiles/cmTC_0d7ae.dir/build
make[1]: Entering directory '/home/user/Desktop/KK-projekat/llvm-project/build/CMakeFiles/CMakeTmp'
Building C object CMakeFiles/cmTC_0d7ae.dir/src.c.o
/usr/bin/cc -D_GNU_SOURCE  -fPIC -fno-semantic-interposition -Werror=date-time -Wall -Wextra -Wno-unused-parameter -Wwrite-strings -Wno-missing-field-initializers -pedantic -Wno-long-long -Wimplicit-fallthrough -DC_WCOMMENT_ALLOWS_LINE_WRAP  -Werror -Wcomment -O3 -DNDEBUG   -o CMakeFiles/cmTC_0d7ae.dir/src.c.o   -c /home/user/Desktop/KK-projekat/llvm-project/build/CMakeFiles/CMakeTmp/src.c
/home/user/Desktop/KK-projekat/llvm-project/build/CMakeFiles/CMakeTmp/src.c:1:1: error: multi-line comment [-Werror=comment]
    1 | // \
      | ^
cc1: all warnings being treated as errors
make[1]: *** [CMakeFiles/cmTC_0d7ae.dir/build.make:66: CMakeFiles/cmTC_0d7ae.dir/src.c.o] Error 1
make[1]: Leaving directory '/home/user/Desktop/KK-projekat/llvm-project/build/CMakeFiles/CMakeTmp'
make: *** [Makefile:121: cmTC_0d7ae/fast] Error 2


Source file was:
// \
//
int main(void) {return 0;}
Performing C SOURCE FILE Test C_SUPPORTS_STRING_CONVERSION_FLAG failed with the following output:
Change Dir: /home/user/Desktop/KK-projekat/llvm-project/build/CMakeFiles/CMakeTmp

Run Build Command(s):/usr/bin/make cmTC_26286/fast && /usr/bin/make -f CMakeFiles/cmTC_26286.dir/build.make CMakeFiles/cmTC_26286.dir/build
make[1]: Entering directory '/home/user/Desktop/KK-projekat/llvm-project/build/CMakeFiles/CMakeTmp'
Building C object CMakeFiles/cmTC_26286.dir/src.c.o
/usr/bin/cc   -fPIC -fno-semantic-interposition -Werror=date-time -Wall -Wextra -Wno-unused-parameter -Wwrite-strings -Wno-missing-field-initializers -pedantic -Wno-long-long -Wimplicit-fallthrough -Wno-comment -DC_SUPPORTS_STRING_CONVERSION_FLAG -O3 -DNDEBUG   -Werror -Wstring-conversion -o CMakeFiles/cmTC_26286.dir/src.c.o   -c /home/user/Desktop/KK-projekat/llvm-project/build/CMakeFiles/CMakeTmp/src.c
cc: error: unrecognized command line option '-Wstring-conversion'; did you mean '-Wsign-conversion'?
make[1]: *** [CMakeFiles/cmTC_26286.dir/build.make:66: CMakeFiles/cmTC_26286.dir/src.c.o] Error 1
make[1]: Leaving directory '/home/user/Desktop/KK-projekat/llvm-project/build/CMakeFiles/CMakeTmp'
make: *** [Makefile:121: cmTC_26286/fast] Error 2


Source file was:
int main(void) { return 0; }
Performing C++ SOURCE FILE Test CXX_SUPPORTS_STRING_CONVERSION_FLAG failed with the following output:
Change Dir: /home/user/Desktop/KK-projekat/llvm-project/build/CMakeFiles/CMakeTmp

Run Build Command(s):/usr/bin/make cmTC_43a45/fast && /usr/bin/make -f CMakeFiles/cmTC_43a45.dir/build.make CMakeFiles/cmTC_43a45.dir/build
make[1]: Entering directory '/home/user/Desktop/KK-projekat/llvm-project/build/CMakeFiles/CMakeTmp'
Building CXX object CMakeFiles/cmTC_43a45.dir/src.cxx.o
/usr/bin/c++    -fPIC -fno-semantic-interposition -fvisibility-inlines-hidden -Werror=date-time -Wall -Wextra -Wno-unused-parameter -Wwrite-strings -Wcast-qual -Wno-missing-field-initializers -pedantic -Wno-long-long -Wimplicit-fallthrough -Wno-maybe-uninitialized -Wno-class-memaccess -Wno-redundant-move -Wno-pessimizing-move -Wno-noexcept-type -Wdelete-non-virtual-dtor -Wsuggest-override -Wno-comment -DCXX_SUPPORTS_STRING_CONVERSION_FLAG -O3 -DNDEBUG   -Werror -Wstring-conversion -std=c++17 -o CMakeFiles/cmTC_43a45.dir/src.cxx.o -c /home/user/Desktop/KK-projekat/llvm-project/build/CMakeFiles/CMakeTmp/src.cxx
c++: error: unrecognized command line option '-Wstring-conversion'; did you mean '-Wsign-conversion'?
make[1]: *** [CMakeFiles/cmTC_43a45.dir/build.make:66: CMakeFiles/cmTC_43a45.dir/src.cxx.o] Error 1
make[1]: Leaving directory '/home/user/Desktop/KK-projekat/llvm-project/build/CMakeFiles/CMakeTmp'
make: *** [Makefile:121: cmTC_43a45/fast] Error 2


Source file was:
int main() { return 0; }
Performing C SOURCE FILE Test C_SUPPORTS_CTAD_MAYBE_UNSPPORTED_FLAG failed with the following output:
Change Dir: /home/user/Desktop/KK-projekat/llvm-project/build/CMakeFiles/CMakeTmp

Run Build Command(s):/usr/bin/make cmTC_b48a5/fast && /usr/bin/make -f CMakeFiles/cmTC_b48a5.dir/build.make CMakeFiles/cmTC_b48a5.dir/build
make[1]: Entering directory '/home/user/Desktop/KK-projekat/llvm-project/build/CMakeFiles/CMakeTmp'
Building C object CMakeFiles/cmTC_b48a5.dir/src.c.o
/usr/bin/cc   -fPIC -fno-semantic-interposition -Werror=date-time -Wall -Wextra -Wno-unused-parameter -Wwrite-strings -Wno-missing-field-initializers -pedantic -Wno-long-long -Wimplicit-fallthrough -Wno-comment -DC_SUPPORTS_CTAD_MAYBE_UNSPPORTED_FLAG -O3 -DNDEBUG   -Werror -Wctad-maybe-unsupported -o CMakeFiles/cmTC_b48a5.dir/src.c.o   -c /home/user/Desktop/KK-projekat/llvm-project/build/CMakeFiles/CMakeTmp/src.c
cc: error: unrecognized command line option '-Wctad-maybe-unsupported'
make[1]: *** [CMakeFiles/cmTC_b48a5.dir/build.make:66: CMakeFiles/cmTC_b48a5.dir/src.c.o] Error 1
make[1]: Leaving directory '/home/user/Desktop/KK-projekat/llvm-project/build/CMakeFiles/CMakeTmp'
make: *** [Makefile:121: cmTC_b48a5/fast] Error 2


Source file was:
int main(void) { return 0; }
Performing C++ SOURCE FILE Test CXX_SUPPORTS_CTAD_MAYBE_UNSPPORTED_FLAG failed with the following output:
Change Dir: /home/user/Desktop/KK-projekat/llvm-project/build/CMakeFiles/CMakeTmp

Run Build Command(s):/usr/bin/make cmTC_bdf50/fast && /usr/bin/make -f CMakeFiles/cmTC_bdf50.dir/build.make CMakeFiles/cmTC_bdf50.dir/build
make[1]: Entering directory '/home/user/Desktop/KK-projekat/llvm-project/build/CMakeFiles/CMakeTmp'
Building CXX object CMakeFiles/cmTC_bdf50.dir/src.cxx.o
/usr/bin/c++    -fPIC -fno-semantic-interposition -fvisibility-inlines-hidden -Werror=date-time -Wall -Wextra -Wno-unused-parameter -Wwrite-strings -Wcast-qual -Wno-missing-field-initializers -pedantic -Wno-long-long -Wimplicit-fallthrough -Wno-maybe-uninitialized -Wno-class-memaccess -Wno-redundant-move -Wno-pessimizing-move -Wno-noexcept-type -Wdelete-non-virtual-dtor -Wsuggest-override -Wno-comment -Wno-misleading-indentation -DCXX_SUPPORTS_CTAD_MAYBE_UNSPPORTED_FLAG -O3 -DNDEBUG   -Werror -Wctad-maybe-unsupported -std=c++17 -o CMakeFiles/cmTC_bdf50.dir/src.cxx.o -c /home/user/Desktop/KK-projekat/llvm-project/build/CMakeFiles/CMakeTmp/src.cxx
c++: error: unrecognized command line option '-Wctad-maybe-unsupported'
make[1]: *** [CMakeFiles/cmTC_bdf50.dir/build.make:66: CMakeFiles/cmTC_bdf50.dir/src.cxx.o] Error 1
make[1]: Leaving directory '/home/user/Desktop/KK-projekat/llvm-project/build/CMakeFiles/CMakeTmp'
make: *** [Makefile:121: cmTC_bdf50/fast] Error 2


Source file was:
int main() { return 0; }
Determining if the os_signpost_interval_begin exist failed with the following output:
Change Dir: /home/user/Desktop/KK-projekat/llvm-project/build/CMakeFiles/CMakeTmp

Run Build Command(s):/usr/bin/make cmTC_7b05d/fast && /usr/bin/make -f CMakeFiles/cmTC_7b05d.dir/build.make CMakeFiles/cmTC_7b05d.dir/build
make[1]: Entering directory '/home/user/Desktop/KK-projekat/llvm-project/build/CMakeFiles/CMakeTmp'
Building C object CMakeFiles/cmTC_7b05d.dir/CheckSymbolExists.c.o
/usr/bin/cc -D_GNU_SOURCE  -fPIC -fno-semantic-interposition -Werror=date-time -Wall -Wextra -Wno-unused-parameter -Wwrite-strings -Wno-missing-field-initializers -pedantic -Wno-long-long -Wimplicit-fallthrough -Wno-comment -ffunction-sections -fdata-sections  -O3 -DNDEBUG   -o CMakeFiles/cmTC_7b05d.dir/CheckSymbolExists.c.o   -c /home/user/Desktop/KK-projekat/llvm-project/build/CMakeFiles/CMakeTmp/CheckSymbolExists.c
/home/user/Desktop/KK-projekat/llvm-project/build/CMakeFiles/CMakeTmp/CheckSymbolExists.c:2:10: fatal error: os/signpost.h: No such file or directory
    2 | #include <os/signpost.h>
      |          ^~~~~~~~~~~~~~~
compilation terminated.
make[1]: *** [CMakeFiles/cmTC_7b05d.dir/build.make:66: CMakeFiles/cmTC_7b05d.dir/CheckSymbolExists.c.o] Error 1
make[1]: Leaving directory '/home/user/Desktop/KK-projekat/llvm-project/build/CMakeFiles/CMakeTmp'
make: *** [Makefile:121: cmTC_7b05d/fast] Error 2


File /home/user/Desktop/KK-projekat/llvm-project/build/CMakeFiles/CMakeTmp/CheckSymbolExists.c:
/* */
#include <os/signpost.h>

int main(int argc, char** argv)
{
  (void)argv;
#ifndef os_signpost_interval_begin
  return ((int*)(&os_signpost_interval_begin))[argc];
#else
  (void)argc;
  return 0;
#endif
}
Performing C++ SOURCE FILE Test HAS_WERROR_GLOBAL_CTORS failed with the following output:
Change Dir: /home/user/Desktop/KK-projekat/llvm-project/build/CMakeFiles/CMakeTmp

Run Build Command(s):/usr/bin/make cmTC_192eb/fast && /usr/bin/make -f CMakeFiles/cmTC_192eb.dir/build.make CMakeFiles/cmTC_192eb.dir/build
make[1]: Entering directory '/home/user/Desktop/KK-projekat/llvm-project/build/CMakeFiles/CMakeTmp'
Building CXX object CMakeFiles/cmTC_192eb.dir/src.cxx.o
/usr/bin/c++    -fPIC -fno-semantic-interposition -fvisibility-inlines-hidden -Werror=date-time -Wall -Wextra -Wno-unused-parameter -Wwrite-strings -Wcast-qual -Wno-missing-field-initializers -pedantic -Wno-long-long -Wimplicit-fallthrough -Wno-maybe-uninitialized -Wno-class-memaccess -Wno-redundant-move -Wno-pessimizing-move -Wno-noexcept-type -Wdelete-non-virtual-dtor -Wsuggest-override -Wno-comment -Wno-misleading-indentation -ffunction-sections -fdata-sections -DHAS_WERROR_GLOBAL_CTORS -O3 -DNDEBUG   -Werror=global-constructors -std=c++17 -o CMakeFiles/cmTC_192eb.dir/src.cxx.o -c /home/user/Desktop/KK-projekat/llvm-project/build/CMakeFiles/CMakeTmp/src.cxx
cc1plus: error: '-Werror=global-constructors': no option -Wglobal-constructors
make[1]: *** [CMakeFiles/cmTC_192eb.dir/build.make:66: CMakeFiles/cmTC_192eb.dir/src.cxx.o] Error 1
make[1]: Leaving directory '/home/user/Desktop/KK-projekat/llvm-project/build/CMakeFiles/CMakeTmp'
make: *** [Makefile:121: cmTC_192eb/fast] Error 2


Source file was:
int main() { return 0; }
Performing C++ SOURCE FILE Test CXX_SUPPORTS_NO_NESTED_ANON_TYPES_FLAG failed with the following output:
Change Dir: /home/user/Desktop/KK-projekat/llvm-project/build/CMakeFiles/CMakeTmp

Run Build Command(s):/usr/bin/make cmTC_5b3b3/fast && /usr/bin/make -f CMakeFiles/cmTC_5b3b3.dir/build.make CMakeFiles/cmTC_5b3b3.dir/build
make[1]: Entering directory '/home/user/Desktop/KK-projekat/llvm-project/build/CMakeFiles/CMakeTmp'
Building CXX object CMakeFiles/cmTC_5b3b3.dir/src.cxx.o
/usr/bin/c++    -fPIC -fno-semantic-interposition -fvisibility-inlines-hidden -Werror=date-time -Wall -Wextra -Wno-unused-parameter -Wwrite-strings -Wcast-qual -Wno-missing-field-initializers -pedantic -Wno-long-long -Wimplicit-fallthrough -Wno-maybe-uninitialized -Wno-class-memaccess -Wno-redundant-move -Wno-pessimizing-move -Wno-noexcept-type -Wdelete-non-virtual-dtor -Wsuggest-override -Wno-comment -Wno-misleading-indentation -ffunction-sections -fdata-sections -fno-common -Woverloaded-virtual -fno-strict-aliasing -DCXX_SUPPORTS_NO_NESTED_ANON_TYPES_FLAG -O3 -DNDEBUG   -Werror -Wnested-anon-types -std=c++17 -o CMakeFiles/cmTC_5b3b3.dir/src.cxx.o -c /home/user/Desktop/KK-projekat/llvm-project/build/CMakeFiles/CMakeTmp/src.cxx
c++: error: unrecognized command line option '-Wnested-anon-types'
make[1]: *** [CMakeFiles/cmTC_5b3b3.dir/build.make:66: CMakeFiles/cmTC_5b3b3.dir/src.cxx.o] Error 1
make[1]: Leaving directory '/home/user/Desktop/KK-projekat/llvm-project/build/CMakeFiles/CMakeTmp'
make: *** [Makefile:121: cmTC_5b3b3/fast] Error 2


Source file was:
int main() { return 0; }
Performing C++ SOURCE FILE Test HAVE_CXX_FLAG_WSHORTEN_64_TO_32 failed with the following output:
Change Dir: /home/user/Desktop/KK-projekat/llvm-project/build/CMakeFiles/CMakeTmp

Run Build Command(s):/usr/bin/make cmTC_840c4/fast && /usr/bin/make -f CMakeFiles/cmTC_840c4.dir/build.make CMakeFiles/cmTC_840c4.dir/build
make[1]: Entering directory '/home/user/Desktop/KK-projekat/llvm-project/build/CMakeFiles/CMakeTmp'
Building CXX object CMakeFiles/cmTC_840c4.dir/src.cxx.o
/usr/bin/c++    -fPIC -fno-semantic-interposition -fvisibility-inlines-hidden -Werror=date-time -Wall -Wextra -Wno-unused-parameter -Wwrite-strings -Wcast-qual -Wno-missing-field-initializers -pedantic -Wno-long-long -Wimplicit-fallthrough -Wno-maybe-uninitialized -Wno-class-memaccess -Wno-redundant-move -Wno-pessimizing-move -Wno-noexcept-type -Wdelete-non-virtual-dtor -Wsuggest-override -Wno-comment -Wno-misleading-indentation -ffunction-sections -fdata-sections  -std=c++11  -Wall  -Wextra  -Wshadow  -Wsuggest-override  -pedantic  -pedantic-errors -DHAVE_CXX_FLAG_WSHORTEN_64_TO_32  -Wshorten-64-to-32 -O3 -DNDEBUG   -Wshorten-64-to-32 -std=c++17 -o CMakeFiles/cmTC_840c4.dir/src.cxx.o -c /home/user/Desktop/KK-projekat/llvm-project/build/CMakeFiles/CMakeTmp/src.cxx
c++: error: unrecognized command line option '-Wshorten-64-to-32'
c++: error: unrecognized command line option '-Wshorten-64-to-32'
make[1]: *** [CMakeFiles/cmTC_840c4.dir/build.make:66: CMakeFiles/cmTC_840c4.dir/src.cxx.o] Error 1
make[1]: Leaving directory '/home/user/Desktop/KK-projekat/llvm-project/build/CMakeFiles/CMakeTmp'
make: *** [Makefile:121: cmTC_840c4/fast] Error 2


Source file was:
int main() { return 0; }
Performing C++ SOURCE FILE Test HAVE_CXX_FLAG_WD654 failed with the following output:
Change Dir: /home/user/Desktop/KK-projekat/llvm-project/build/CMakeFiles/CMakeTmp

Run Build Command(s):/usr/bin/make cmTC_81b0d/fast && /usr/bin/make -f CMakeFiles/cmTC_81b0d.dir/build.make CMakeFiles/cmTC_81b0d.dir/build
make[1]: Entering directory '/home/user/Desktop/KK-projekat/llvm-project/build/CMakeFiles/CMakeTmp'
Building CXX object CMakeFiles/cmTC_81b0d.dir/src.cxx.o
/usr/bin/c++    -fPIC -fno-semantic-interposition -fvisibility-inlines-hidden -Werror=date-time -Wall -Wextra -Wno-unused-parameter -Wwrite-strings -Wcast-qual -Wno-missing-field-initializers -pedantic -Wno-long-long -Wimplicit-fallthrough -Wno-maybe-uninitialized -Wno-class-memaccess -Wno-redundant-move -Wno-pessimizing-move -Wno-noexcept-type -Wdelete-non-virtual-dtor -Wsuggest-override -Wno-comment -Wno-misleading-indentation -ffunction-sections -fdata-sections  -std=c++11  -Wall  -Wextra  -Wshadow  -Wsuggest-override  -pedantic  -pedantic-errors  -fstrict-aliasing  -Wno-deprecated-declarations  -fno-exceptions  -Wstrict-aliasing -DHAVE_CXX_FLAG_WD654  -wd654 -O3 -DNDEBUG   -wd654 -std=c++17 -o CMakeFiles/cmTC_81b0d.dir/src.cxx.o -c /home/user/Desktop/KK-projekat/llvm-project/build/CMakeFiles/CMakeTmp/src.cxx
c++: error: unrecognized command line option '-wd654'
c++: error: unrecognized command line option '-wd654'
make[1]: *** [CMakeFiles/cmTC_81b0d.dir/build.make:66: CMakeFiles/cmTC_81b0d.dir/src.cxx.o] Error 1
make[1]: Leaving directory '/home/user/Desktop/KK-projekat/llvm-project/build/CMakeFiles/CMakeTmp'
make: *** [Makefile:121: cmTC_81b0d/fast] Error 2


Source file was:
int main() { return 0; }
Performing C++ SOURCE FILE Test HAVE_CXX_FLAG_WTHREAD_SAFETY failed with the following output:
Change Dir: /home/user/Desktop/KK-projekat/llvm-project/build/CMakeFiles/CMakeTmp

Run Build Command(s):/usr/bin/make cmTC_1b511/fast && /usr/bin/make -f CMakeFiles/cmTC_1b511.dir/build.make CMakeFiles/cmTC_1b511.dir/build
make[1]: Entering directory '/home/user/Desktop/KK-projekat/llvm-project/build/CMakeFiles/CMakeTmp'
Building CXX object CMakeFiles/cmTC_1b511.dir/src.cxx.o
/usr/bin/c++    -fPIC -fno-semantic-interposition -fvisibility-inlines-hidden -Werror=date-time -Wall -Wextra -Wno-unused-parameter -Wwrite-strings -Wcast-qual -Wno-missing-field-initializers -pedantic -Wno-long-long -Wimplicit-fallthrough -Wno-maybe-uninitialized -Wno-class-memaccess -Wno-redundant-move -Wno-pessimizing-move -Wno-noexcept-type -Wdelete-non-virtual-dtor -Wsuggest-override -Wno-comment -Wno-misleading-indentation -ffunction-sections -fdata-sections  -std=c++11  -Wall  -Wextra  -Wshadow  -Wsuggest-override  -pedantic  -pedantic-errors  -fstrict-aliasing  -Wno-deprecated-declarations  -fno-exceptions  -Wstrict-aliasing -DHAVE_CXX_FLAG_WTHREAD_SAFETY  -Wthread-safety -O3 -DNDEBUG   -Wthread-safety -std=c++17 -o CMakeFiles/cmTC_1b511.dir/src.cxx.o -c /home/user/Desktop/KK-projekat/llvm-project/build/CMakeFiles/CMakeTmp/src.cxx
c++: error: unrecognized command line option '-Wthread-safety'
c++: error: unrecognized command line option '-Wthread-safety'
make[1]: *** [CMakeFiles/cmTC_1b511.dir/build.make:66: CMakeFiles/cmTC_1b511.dir/src.cxx.o] Error 1
make[1]: Leaving directory '/home/user/Desktop/KK-projekat/llvm-project/build/CMakeFiles/CMakeTmp'
make: *** [Makefile:121: cmTC_1b511/fast] Error 2


Source file was:
int main() { return 0; }
